{"/home/travis/build/npmtest/node-npmtest-acl/test.js":{"path":"/home/travis/build/npmtest/node-npmtest-acl/test.js","s":{"1":2,"2":2,"3":2,"4":2,"5":2,"6":2,"7":2,"8":1,"9":2,"10":2,"11":1,"12":1,"13":1,"14":1,"15":2,"16":2,"17":2,"18":2,"19":1,"20":1,"21":2,"22":2,"23":2,"24":1,"25":1,"26":1,"27":1,"28":1,"29":1,"30":1,"31":1,"32":1,"33":1,"34":1,"35":1,"36":2,"37":2,"38":1,"39":2,"40":2,"41":1,"42":2,"43":2,"44":1,"45":1,"46":1,"47":1,"48":1},"b":{"1":[2,1,1,1],"2":[1,1,1,1],"3":[1,1],"4":[1,1],"5":[1,1],"6":[1,1],"7":[1,1],"8":[1,1],"9":[1,1,1],"10":[1,1],"11":[1,1],"12":[1,1],"13":[1,1],"14":[1,1],"15":[1,1]},"f":{"1":2,"2":2,"3":2,"4":2,"5":2,"6":1,"7":1,"8":2,"9":2,"10":2,"11":1},"fnMap":{"1":{"name":"(anonymous_1)","line":12,"loc":{"start":{"line":12,"column":1},"end":{"line":12,"column":13}}},"2":{"name":"(anonymous_2)","line":19,"loc":{"start":{"line":19,"column":5},"end":{"line":19,"column":17}}},"3":{"name":"(anonymous_3)","line":23,"loc":{"start":{"line":23,"column":24},"end":{"line":23,"column":36}}},"4":{"name":"(anonymous_4)","line":61,"loc":{"start":{"line":61,"column":5},"end":{"line":61,"column":17}}},"5":{"name":"(anonymous_5)","line":82,"loc":{"start":{"line":82,"column":5},"end":{"line":82,"column":17}}},"6":{"name":"(anonymous_6)","line":102,"loc":{"start":{"line":102,"column":83},"end":{"line":105,"column":10}},"skip":true},"7":{"name":"(anonymous_7)","line":113,"loc":{"start":{"line":113,"column":77},"end":{"line":116,"column":10}},"skip":true},"8":{"name":"(anonymous_8)","line":127,"loc":{"start":{"line":127,"column":77},"end":{"line":130,"column":10}},"skip":true},"9":{"name":"(anonymous_9)","line":138,"loc":{"start":{"line":138,"column":83},"end":{"line":141,"column":10}},"skip":true},"10":{"name":"(anonymous_10)","line":149,"loc":{"start":{"line":149,"column":79},"end":{"line":152,"column":10}},"skip":true},"11":{"name":"(anonymous_11)","line":160,"loc":{"start":{"line":160,"column":75},"end":{"line":163,"column":10}},"skip":true}},"statementMap":{"1":{"start":{"line":12,"column":0},"end":{"line":175,"column":5}},"2":{"start":{"line":14,"column":4},"end":{"line":14,"column":14}},"3":{"start":{"line":19,"column":4},"end":{"line":56,"column":9}},"4":{"start":{"line":21,"column":8},"end":{"line":21,"column":19}},"5":{"start":{"line":23,"column":8},"end":{"line":35,"column":13}},"6":{"start":{"line":24,"column":12},"end":{"line":34,"column":13}},"7":{"start":{"line":25,"column":16},"end":{"line":28,"column":30}},"8":{"start":{"line":30,"column":16},"end":{"line":33,"column":27}},"9":{"start":{"line":37,"column":8},"end":{"line":39,"column":21}},"10":{"start":{"line":40,"column":8},"end":{"line":53,"column":9}},"11":{"start":{"line":43,"column":12},"end":{"line":46,"column":14}},"12":{"start":{"line":47,"column":12},"end":{"line":47,"column":18}},"13":{"start":{"line":50,"column":12},"end":{"line":51,"column":46}},"14":{"start":{"line":52,"column":12},"end":{"line":52,"column":18}},"15":{"start":{"line":55,"column":8},"end":{"line":55,"column":35}},"16":{"start":{"line":61,"column":4},"end":{"line":63,"column":9}},"17":{"start":{"line":62,"column":8},"end":{"line":62,"column":15}},"18":{"start":{"line":64,"column":4},"end":{"line":77,"column":5}},"19":{"start":{"line":70,"column":8},"end":{"line":70,"column":14}},"20":{"start":{"line":76,"column":8},"end":{"line":76,"column":14}},"21":{"start":{"line":82,"column":4},"end":{"line":84,"column":9}},"22":{"start":{"line":83,"column":8},"end":{"line":83,"column":15}},"23":{"start":{"line":85,"column":4},"end":{"line":174,"column":5}},"24":{"start":{"line":92,"column":8},"end":{"line":94,"column":63}},"25":{"start":{"line":95,"column":8},"end":{"line":95,"column":14}},"26":{"start":{"line":102,"column":8},"end":{"line":111,"column":10},"skip":true},"27":{"start":{"line":109,"column":12},"end":{"line":109,"column":55},"skip":true},"28":{"start":{"line":110,"column":12},"end":{"line":110,"column":48},"skip":true},"29":{"start":{"line":113,"column":8},"end":{"line":125,"column":10},"skip":true},"30":{"start":{"line":120,"column":12},"end":{"line":120,"column":76},"skip":true},"31":{"start":{"line":121,"column":12},"end":{"line":121,"column":73},"skip":true},"32":{"start":{"line":122,"column":12},"end":{"line":122,"column":74},"skip":true},"33":{"start":{"line":123,"column":12},"end":{"line":123,"column":25},"skip":true},"34":{"start":{"line":124,"column":12},"end":{"line":124,"column":45},"skip":true},"35":{"start":{"line":127,"column":8},"end":{"line":136,"column":10},"skip":true},"36":{"start":{"line":134,"column":12},"end":{"line":134,"column":25},"skip":true},"37":{"start":{"line":135,"column":12},"end":{"line":135,"column":45},"skip":true},"38":{"start":{"line":138,"column":8},"end":{"line":147,"column":10},"skip":true},"39":{"start":{"line":145,"column":12},"end":{"line":145,"column":25},"skip":true},"40":{"start":{"line":146,"column":12},"end":{"line":146,"column":48},"skip":true},"41":{"start":{"line":149,"column":8},"end":{"line":158,"column":10},"skip":true},"42":{"start":{"line":156,"column":12},"end":{"line":156,"column":25},"skip":true},"43":{"start":{"line":157,"column":12},"end":{"line":157,"column":46},"skip":true},"44":{"start":{"line":160,"column":8},"end":{"line":169,"column":10},"skip":true},"45":{"start":{"line":167,"column":12},"end":{"line":167,"column":94},"skip":true},"46":{"start":{"line":168,"column":12},"end":{"line":168,"column":48},"skip":true},"47":{"start":{"line":172,"column":8},"end":{"line":172,"column":35},"skip":true},"48":{"start":{"line":173,"column":8},"end":{"line":173,"column":14},"skip":true}},"branchMap":{"1":{"line":25,"type":"binary-expr","locations":[{"start":{"line":25,"column":23},"end":{"line":25,"column":62}},{"start":{"line":26,"column":20},"end":{"line":26,"column":70}},{"start":{"line":27,"column":20},"end":{"line":27,"column":71}},{"start":{"line":28,"column":20},"end":{"line":28,"column":29}}]},"2":{"line":30,"type":"binary-expr","locations":[{"start":{"line":30,"column":23},"end":{"line":30,"column":37}},{"start":{"line":31,"column":20},"end":{"line":31,"column":61}},{"start":{"line":32,"column":20},"end":{"line":32,"column":70}},{"start":{"line":33,"column":20},"end":{"line":33,"column":26}}]},"3":{"line":37,"type":"cond-expr","locations":[{"start":{"line":38,"column":14},"end":{"line":38,"column":20}},{"start":{"line":39,"column":14},"end":{"line":39,"column":20}}]},"4":{"line":40,"type":"switch","locations":[{"start":{"line":42,"column":8},"end":{"line":47,"column":18}},{"start":{"line":49,"column":8},"end":{"line":52,"column":18}}]},"5":{"line":44,"type":"binary-expr","locations":[{"start":{"line":44,"column":16},"end":{"line":44,"column":44}},{"start":{"line":44,"column":48},"end":{"line":44,"column":66}}]},"6":{"line":50,"type":"binary-expr","locations":[{"start":{"line":50,"column":21},"end":{"line":50,"column":49}},{"start":{"line":50,"column":53},"end":{"line":50,"column":72}}]},"7":{"line":64,"type":"switch","locations":[{"start":{"line":69,"column":4},"end":{"line":70,"column":14}},{"start":{"line":75,"column":4},"end":{"line":76,"column":14}}]},"8":{"line":85,"type":"switch","locations":[{"start":{"line":90,"column":4},"end":{"line":95,"column":14}},{"start":{"line":101,"column":4},"end":{"line":173,"column":14},"skip":true}]},"9":{"line":92,"type":"binary-expr","locations":[{"start":{"line":92,"column":18},"end":{"line":92,"column":32}},{"start":{"line":93,"column":12},"end":{"line":93,"column":53}},{"start":{"line":94,"column":12},"end":{"line":94,"column":61}}]},"10":{"line":102,"type":"binary-expr","locations":[{"start":{"line":102,"column":45},"end":{"line":102,"column":79},"skip":true},{"start":{"line":102,"column":83},"end":{"line":111,"column":9},"skip":true}]},"11":{"line":113,"type":"binary-expr","locations":[{"start":{"line":113,"column":42},"end":{"line":113,"column":73},"skip":true},{"start":{"line":113,"column":77},"end":{"line":125,"column":9},"skip":true}]},"12":{"line":127,"type":"binary-expr","locations":[{"start":{"line":127,"column":42},"end":{"line":127,"column":73},"skip":true},{"start":{"line":127,"column":77},"end":{"line":136,"column":9},"skip":true}]},"13":{"line":138,"type":"binary-expr","locations":[{"start":{"line":138,"column":45},"end":{"line":138,"column":79},"skip":true},{"start":{"line":138,"column":83},"end":{"line":147,"column":9},"skip":true}]},"14":{"line":149,"type":"binary-expr","locations":[{"start":{"line":149,"column":43},"end":{"line":149,"column":75},"skip":true},{"start":{"line":149,"column":79},"end":{"line":158,"column":9},"skip":true}]},"15":{"line":160,"type":"binary-expr","locations":[{"start":{"line":160,"column":41},"end":{"line":160,"column":71},"skip":true},{"start":{"line":160,"column":75},"end":{"line":169,"column":9},"skip":true}]}},"code":["/* istanbul instrument in package npmtest_acl */","/*jslint","    bitwise: true,","    browser: true,","    maxerr: 8,","    maxlen: 96,","    node: true,","    nomen: true,","    regexp: true,","    stupid: true","*/","(function () {","    'use strict';","    var local;","","","","    // run shared js-env code - pre-init","    (function () {","        // init local","        local = {};","        // init modeJs","        local.modeJs = (function () {","            try {","                return typeof navigator.userAgent === 'string' &&","                    typeof document.querySelector('body') === 'object' &&","                    typeof XMLHttpRequest.prototype.open === 'function' &&","                    'browser';","            } catch (errorCaughtBrowser) {","                return module.exports &&","                    typeof process.versions.node === 'string' &&","                    typeof require('http').createServer === 'function' &&","                    'node';","            }","        }());","        // init global","        local.global = local.modeJs === 'browser'","            ? window","            : global;","        switch (local.modeJs) {","        // re-init local from window.local","        case 'browser':","            local = local.global.utility2.objectSetDefault(","                local.global.utility2_rollup || local.global.local,","                local.global.utility2","            );","            break;","        // re-init local from example.js","        case 'node':","            local = (local.global.utility2_rollup || require('utility2'))","                .requireExampleJsFromReadme();","            break;","        }","        // export local","        local.global.local = local;","    }());","","","","    // run shared js-env code - function","    (function () {","        return;","    }());","    switch (local.modeJs) {","","","","    // run browser js-env code - function","    case 'browser':","        break;","","","","    // run node js-env code - function","    case 'node':","        break;","    }","","","","    // run shared js-env code - post-init","    (function () {","        return;","    }());","    switch (local.modeJs) {","","","","    // run browser js-env code - post-init","    case 'browser':","        // run tests","        local.nop(local.modeTest &&","            document.querySelector('#testRunButton1') &&","            document.querySelector('#testRunButton1').click());","        break;","","","","    // run node js-env code - post-init","    /* istanbul ignore next */","    case 'node':","        local.testCase_buildApidoc_default = local.testCase_buildApidoc_default || function (","            options,","            onError","        ) {","        /*","         * this function will test buildApidoc's default handling-behavior-behavior","         */","            options = { modulePathList: module.paths };","            local.buildApidoc(options, onError);","        };","","        local.testCase_buildApp_default = local.testCase_buildApp_default || function (","            options,","            onError","        ) {","        /*","         * this function will test buildApp's default handling-behavior-behavior","         */","            local.testCase_buildReadme_default(options, local.onErrorThrow);","            local.testCase_buildLib_default(options, local.onErrorThrow);","            local.testCase_buildTest_default(options, local.onErrorThrow);","            options = [];","            local.buildApp(options, onError);","        };","","        local.testCase_buildLib_default = local.testCase_buildLib_default || function (","            options,","            onError","        ) {","        /*","         * this function will test buildLib's default handling-behavior","         */","            options = {};","            local.buildLib(options, onError);","        };","","        local.testCase_buildReadme_default = local.testCase_buildReadme_default || function (","            options,","            onError","        ) {","        /*","         * this function will test buildReadme's default handling-behavior-behavior","         */","            options = {};","            local.buildReadme(options, onError);","        };","","        local.testCase_buildTest_default = local.testCase_buildTest_default || function (","            options,","            onError","        ) {","        /*","         * this function will test buildTest's default handling-behavior","         */","            options = {};","            local.buildTest(options, onError);","        };","","        local.testCase_webpage_default = local.testCase_webpage_default || function (","            options,","            onError","        ) {","        /*","         * this function will test webpage's default handling-behavior","         */","            options = { modeCoverageMerge: true, url: local.serverLocalHost + '?modeTest=1' };","            local.browserTest(options, onError);","        };","","        // run test-server","        local.testRunServer(local);","        break;","    }","}());",""],"l":{"12":2,"14":2,"19":2,"21":2,"23":2,"24":2,"25":2,"30":1,"37":2,"40":2,"43":1,"47":1,"50":1,"52":1,"55":2,"61":2,"62":2,"64":2,"70":1,"76":1,"82":2,"83":2,"85":2,"92":1,"95":1,"102":1,"109":1,"110":1,"113":1,"120":1,"121":1,"122":1,"123":1,"124":1,"127":1,"134":2,"135":2,"138":1,"145":2,"146":2,"149":1,"156":2,"157":2,"160":1,"167":1,"168":1,"172":1,"173":1}},"/home/travis/build/npmtest/node-npmtest-acl/lib.npmtest_acl.js":{"path":"/home/travis/build/npmtest/node-npmtest-acl/lib.npmtest_acl.js","s":{"1":2,"2":2,"3":2,"4":2,"5":2,"6":2,"7":2,"8":1,"9":2,"10":2,"11":2,"12":2,"13":1,"14":1,"15":1,"16":1},"b":{"1":[2,1,1,1],"2":[1,1,1,1],"3":[1,1],"4":[2,2],"5":[1,1]},"f":{"1":2,"2":2,"3":2},"fnMap":{"1":{"name":"(anonymous_1)","line":12,"loc":{"start":{"line":12,"column":1},"end":{"line":12,"column":13}}},"2":{"name":"(anonymous_2)","line":19,"loc":{"start":{"line":19,"column":5},"end":{"line":19,"column":17}}},"3":{"name":"(anonymous_3)","line":23,"loc":{"start":{"line":23,"column":24},"end":{"line":23,"column":36}}}},"statementMap":{"1":{"start":{"line":12,"column":0},"end":{"line":53,"column":5}},"2":{"start":{"line":14,"column":4},"end":{"line":14,"column":14}},"3":{"start":{"line":19,"column":4},"end":{"line":52,"column":9}},"4":{"start":{"line":21,"column":8},"end":{"line":21,"column":19}},"5":{"start":{"line":23,"column":8},"end":{"line":35,"column":13}},"6":{"start":{"line":24,"column":12},"end":{"line":34,"column":13}},"7":{"start":{"line":25,"column":16},"end":{"line":28,"column":30}},"8":{"start":{"line":30,"column":16},"end":{"line":33,"column":27}},"9":{"start":{"line":37,"column":8},"end":{"line":39,"column":21}},"10":{"start":{"line":41,"column":8},"end":{"line":41,"column":54}},"11":{"start":{"line":43,"column":8},"end":{"line":43,"column":48}},"12":{"start":{"line":45,"column":8},"end":{"line":51,"column":9}},"13":{"start":{"line":46,"column":12},"end":{"line":46,"column":54}},"14":{"start":{"line":48,"column":12},"end":{"line":48,"column":35}},"15":{"start":{"line":49,"column":12},"end":{"line":49,"column":49}},"16":{"start":{"line":50,"column":12},"end":{"line":50,"column":43}}},"branchMap":{"1":{"line":25,"type":"binary-expr","locations":[{"start":{"line":25,"column":23},"end":{"line":25,"column":62}},{"start":{"line":26,"column":20},"end":{"line":26,"column":70}},{"start":{"line":27,"column":20},"end":{"line":27,"column":71}},{"start":{"line":28,"column":20},"end":{"line":28,"column":29}}]},"2":{"line":30,"type":"binary-expr","locations":[{"start":{"line":30,"column":23},"end":{"line":30,"column":37}},{"start":{"line":31,"column":20},"end":{"line":31,"column":61}},{"start":{"line":32,"column":20},"end":{"line":32,"column":70}},{"start":{"line":33,"column":20},"end":{"line":33,"column":26}}]},"3":{"line":37,"type":"cond-expr","locations":[{"start":{"line":38,"column":14},"end":{"line":38,"column":20}},{"start":{"line":39,"column":14},"end":{"line":39,"column":20}}]},"4":{"line":41,"type":"binary-expr","locations":[{"start":{"line":41,"column":16},"end":{"line":41,"column":44}},{"start":{"line":41,"column":48},"end":{"line":41,"column":53}}]},"5":{"line":45,"type":"if","locations":[{"start":{"line":45,"column":8},"end":{"line":45,"column":8}},{"start":{"line":45,"column":8},"end":{"line":45,"column":8}}]}},"code":["/* istanbul instrument in package npmtest_acl */","/*jslint","    bitwise: true,","    browser: true,","    maxerr: 8,","    maxlen: 96,","    node: true,","    nomen: true,","    regexp: true,","    stupid: true","*/","(function () {","    'use strict';","    var local;","","","","    // run shared js-env code - pre-init","    (function () {","        // init local","        local = {};","        // init modeJs","        local.modeJs = (function () {","            try {","                return typeof navigator.userAgent === 'string' &&","                    typeof document.querySelector('body') === 'object' &&","                    typeof XMLHttpRequest.prototype.open === 'function' &&","                    'browser';","            } catch (errorCaughtBrowser) {","                return module.exports &&","                    typeof process.versions.node === 'string' &&","                    typeof require('http').createServer === 'function' &&","                    'node';","            }","        }());","        // init global","        local.global = local.modeJs === 'browser'","            ? window","            : global;","        // init utility2_rollup","        local = local.global.utility2_rollup || local;","        // init lib","        local.local = local.npmtest_acl = local;","        // init exports","        if (local.modeJs === 'browser') {","            local.global.utility2_npmtest_acl = local;","        } else {","            module.exports = local;","            module.exports.__dirname = __dirname;","            module.exports.module = module;","        }","    }());","}());",""],"l":{"12":2,"14":2,"19":2,"21":2,"23":2,"24":2,"25":2,"30":1,"37":2,"41":2,"43":2,"45":2,"46":1,"48":1,"49":1,"50":1}},"/home/travis/build/npmtest/node-npmtest-acl/example.js":{"path":"/home/travis/build/npmtest/node-npmtest-acl/example.js","s":{"1":2,"2":2,"3":2,"4":2,"5":2,"6":2,"7":2,"8":1,"9":2,"10":2,"11":2,"12":2,"13":1,"14":2,"15":2,"16":2,"17":2,"18":2,"19":0,"20":2,"21":1,"22":1,"23":1,"24":1,"25":1,"26":0,"27":0,"28":1,"29":1,"30":2,"31":0,"32":0,"33":0,"34":1,"35":2,"36":2,"37":2,"38":2,"39":2,"40":2,"41":0,"42":2,"43":2,"44":2,"45":1,"46":3,"47":1,"48":1,"49":1,"50":1,"51":1,"52":1,"53":1,"54":1,"55":1,"56":1,"57":0,"58":1,"59":6,"60":6,"61":1,"62":2,"63":0,"64":2,"65":1,"66":1,"67":0,"68":0,"69":0,"70":0,"71":0,"72":0,"73":0,"74":0,"75":0,"76":0,"77":0,"78":0,"79":0,"80":0,"81":0,"82":0,"83":0},"b":{"1":[2,1,1,1],"2":[1,1,1,1],"3":[1,1],"4":[2,2],"5":[1,1],"6":[1,1],"7":[2,0],"8":[2,1,1,1,1,1],"9":[0,2,0],"10":[1,1],"11":[2,1,1],"12":[1,0],"13":[0,2],"14":[2,0,0,0,0,0,0],"15":[0,2],"16":[2,0],"17":[1,1],"18":[0,1],"19":[1,2,0,2],"20":[1,0],"21":[1,1],"22":[0,0],"23":[0,0],"24":[0,0],"25":[0,0],"26":[0,0],"27":[0,0],"28":[0,0]},"f":{"1":2,"2":2,"3":2,"4":2,"5":2,"6":2,"7":2,"8":2,"9":3,"10":1,"11":6,"12":0},"fnMap":{"1":{"name":"(anonymous_1)","line":26,"loc":{"start":{"line":26,"column":1},"end":{"line":26,"column":13}}},"2":{"name":"(anonymous_2)","line":33,"loc":{"start":{"line":33,"column":5},"end":{"line":33,"column":17}}},"3":{"name":"(anonymous_3)","line":37,"loc":{"start":{"line":37,"column":24},"end":{"line":37,"column":36}}},"4":{"name":"(anonymous_4)","line":69,"loc":{"start":{"line":69,"column":31},"end":{"line":69,"column":48}},"skip":true},"5":{"name":"(anonymous_5)","line":78,"loc":{"start":{"line":78,"column":26},"end":{"line":78,"column":45}},"skip":true},"6":{"name":"(anonymous_6)","line":123,"loc":{"start":{"line":123,"column":33},"end":{"line":123,"column":48}},"skip":true},"7":{"name":"(anonymous_7)","line":125,"loc":{"start":{"line":125,"column":27},"end":{"line":125,"column":39}},"skip":true},"8":{"name":"(anonymous_8)","line":133,"loc":{"start":{"line":133,"column":59},"end":{"line":133,"column":74}},"skip":true},"9":{"name":"(anonymous_9)","line":143,"loc":{"start":{"line":143,"column":45},"end":{"line":143,"column":62}},"skip":true},"10":{"name":"(anonymous_10)","line":144,"loc":{"start":{"line":144,"column":73},"end":{"line":144,"column":92}},"skip":true},"11":{"name":"(anonymous_11)","line":272,"loc":{"start":{"line":272,"column":51},"end":{"line":272,"column":77}},"skip":true},"12":{"name":"(anonymous_12)","line":314,"loc":{"start":{"line":314,"column":32},"end":{"line":314,"column":61}},"skip":true}},"statementMap":{"1":{"start":{"line":26,"column":0},"end":{"line":325,"column":5}},"2":{"start":{"line":28,"column":4},"end":{"line":28,"column":14}},"3":{"start":{"line":33,"column":4},"end":{"line":60,"column":9}},"4":{"start":{"line":35,"column":8},"end":{"line":35,"column":19}},"5":{"start":{"line":37,"column":8},"end":{"line":49,"column":13}},"6":{"start":{"line":38,"column":12},"end":{"line":48,"column":13}},"7":{"start":{"line":39,"column":16},"end":{"line":42,"column":30}},"8":{"start":{"line":44,"column":16},"end":{"line":47,"column":27}},"9":{"start":{"line":51,"column":8},"end":{"line":53,"column":21}},"10":{"start":{"line":55,"column":8},"end":{"line":57,"column":45}},"11":{"start":{"line":59,"column":8},"end":{"line":59,"column":35}},"12":{"start":{"line":61,"column":4},"end":{"line":324,"column":5}},"13":{"start":{"line":69,"column":8},"end":{"line":121,"column":10},"skip":true},"14":{"start":{"line":70,"column":12},"end":{"line":88,"column":13},"skip":true},"15":{"start":{"line":76,"column":16},"end":{"line":87,"column":19},"skip":true},"16":{"start":{"line":79,"column":20},"end":{"line":86,"column":21},"skip":true},"17":{"start":{"line":82,"column":24},"end":{"line":82,"column":43},"skip":true},"18":{"start":{"line":83,"column":24},"end":{"line":83,"column":30},"skip":true},"19":{"start":{"line":85,"column":24},"end":{"line":85,"column":49},"skip":true},"20":{"start":{"line":89,"column":12},"end":{"line":107,"column":13},"skip":true},"21":{"start":{"line":92,"column":16},"end":{"line":102,"column":17},"skip":true},"22":{"start":{"line":93,"column":20},"end":{"line":93,"column":86},"skip":true},"23":{"start":{"line":94,"column":20},"end":{"line":95,"column":45},"skip":true},"24":{"start":{"line":96,"column":20},"end":{"line":96,"column":42},"skip":true},"25":{"start":{"line":97,"column":20},"end":{"line":97,"column":48},"skip":true},"26":{"start":{"line":100,"column":20},"end":{"line":100,"column":85},"skip":true},"27":{"start":{"line":101,"column":20},"end":{"line":101,"column":96},"skip":true},"28":{"start":{"line":103,"column":16},"end":{"line":103,"column":22},"skip":true},"29":{"start":{"line":106,"column":16},"end":{"line":106,"column":22},"skip":true},"30":{"start":{"line":108,"column":12},"end":{"line":120,"column":13},"skip":true},"31":{"start":{"line":114,"column":16},"end":{"line":119,"column":17},"skip":true},"32":{"start":{"line":116,"column":20},"end":{"line":116,"column":78},"skip":true},"33":{"start":{"line":118,"column":20},"end":{"line":118,"column":53},"skip":true},"34":{"start":{"line":123,"column":8},"end":{"line":141,"column":11},"skip":true},"35":{"start":{"line":124,"column":12},"end":{"line":124,"column":54},"skip":true},"36":{"start":{"line":125,"column":12},"end":{"line":140,"column":14},"skip":true},"37":{"start":{"line":126,"column":16},"end":{"line":126,"column":28},"skip":true},"38":{"start":{"line":127,"column":16},"end":{"line":127,"column":69},"skip":true},"39":{"start":{"line":128,"column":16},"end":{"line":128,"column":75},"skip":true},"40":{"start":{"line":129,"column":16},"end":{"line":131,"column":17},"skip":true},"41":{"start":{"line":130,"column":20},"end":{"line":130,"column":27},"skip":true},"42":{"start":{"line":133,"column":16},"end":{"line":137,"column":36},"skip":true},"43":{"start":{"line":134,"column":20},"end":{"line":136,"column":55},"skip":true},"44":{"start":{"line":139,"column":16},"end":{"line":139,"column":57},"skip":true},"45":{"start":{"line":143,"column":8},"end":{"line":147,"column":11},"skip":true},"46":{"start":{"line":144,"column":12},"end":{"line":146,"column":15},"skip":true},"47":{"start":{"line":145,"column":16},"end":{"line":145,"column":70},"skip":true},"48":{"start":{"line":149,"column":8},"end":{"line":149,"column":31},"skip":true},"49":{"start":{"line":150,"column":8},"end":{"line":150,"column":14},"skip":true},"50":{"start":{"line":158,"column":8},"end":{"line":158,"column":31},"skip":true},"51":{"start":{"line":160,"column":8},"end":{"line":160,"column":33},"skip":true},"52":{"start":{"line":161,"column":8},"end":{"line":161,"column":37},"skip":true},"53":{"start":{"line":162,"column":8},"end":{"line":162,"column":35},"skip":true},"54":{"start":{"line":164,"column":8},"end":{"line":164,"column":50},"skip":true},"55":{"start":{"line":166,"column":8},"end":{"line":256,"column":2},"skip":true},"56":{"start":{"line":258,"column":8},"end":{"line":286,"column":9},"skip":true},"57":{"start":{"line":259,"column":12},"end":{"line":269,"column":14},"skip":true},"58":{"start":{"line":271,"column":12},"end":{"line":285,"column":19},"skip":true},"59":{"start":{"line":274,"column":20},"end":{"line":274,"column":35},"skip":true},"60":{"start":{"line":275,"column":20},"end":{"line":284,"column":21},"skip":true},"61":{"start":{"line":277,"column":24},"end":{"line":277,"column":64},"skip":true},"62":{"start":{"line":279,"column":24},"end":{"line":279,"column":40},"skip":true},"63":{"start":{"line":281,"column":24},"end":{"line":281,"column":40},"skip":true},"64":{"start":{"line":283,"column":24},"end":{"line":283,"column":39},"skip":true},"65":{"start":{"line":288,"column":8},"end":{"line":290,"column":9},"skip":true},"66":{"start":{"line":289,"column":12},"end":{"line":289,"column":18},"skip":true},"67":{"start":{"line":291,"column":8},"end":{"line":293,"column":54},"skip":true},"68":{"start":{"line":294,"column":8},"end":{"line":301,"column":37},"skip":true},"69":{"start":{"line":302,"column":8},"end":{"line":302,"column":82},"skip":true},"70":{"start":{"line":305,"column":8},"end":{"line":307,"column":9},"skip":true},"71":{"start":{"line":306,"column":12},"end":{"line":306,"column":82},"skip":true},"72":{"start":{"line":309,"column":8},"end":{"line":311,"column":9},"skip":true},"73":{"start":{"line":310,"column":12},"end":{"line":310,"column":18},"skip":true},"74":{"start":{"line":312,"column":8},"end":{"line":312,"column":54},"skip":true},"75":{"start":{"line":313,"column":8},"end":{"line":313,"column":69},"skip":true},"76":{"start":{"line":314,"column":8},"end":{"line":322,"column":36},"skip":true},"77":{"start":{"line":315,"column":12},"end":{"line":315,"column":61},"skip":true},"78":{"start":{"line":316,"column":12},"end":{"line":319,"column":13},"skip":true},"79":{"start":{"line":317,"column":16},"end":{"line":317,"column":75},"skip":true},"80":{"start":{"line":318,"column":16},"end":{"line":318,"column":23},"skip":true},"81":{"start":{"line":320,"column":12},"end":{"line":320,"column":38},"skip":true},"82":{"start":{"line":321,"column":12},"end":{"line":321,"column":27},"skip":true},"83":{"start":{"line":323,"column":8},"end":{"line":323,"column":14},"skip":true}},"branchMap":{"1":{"line":39,"type":"binary-expr","locations":[{"start":{"line":39,"column":23},"end":{"line":39,"column":62}},{"start":{"line":40,"column":20},"end":{"line":40,"column":70}},{"start":{"line":41,"column":20},"end":{"line":41,"column":71}},{"start":{"line":42,"column":20},"end":{"line":42,"column":29}}]},"2":{"line":44,"type":"binary-expr","locations":[{"start":{"line":44,"column":23},"end":{"line":44,"column":37}},{"start":{"line":45,"column":20},"end":{"line":45,"column":61}},{"start":{"line":46,"column":20},"end":{"line":46,"column":70}},{"start":{"line":47,"column":20},"end":{"line":47,"column":26}}]},"3":{"line":51,"type":"cond-expr","locations":[{"start":{"line":52,"column":14},"end":{"line":52,"column":20}},{"start":{"line":53,"column":14},"end":{"line":53,"column":20}}]},"4":{"line":55,"type":"binary-expr","locations":[{"start":{"line":55,"column":16},"end":{"line":55,"column":44}},{"start":{"line":55,"column":49},"end":{"line":57,"column":43}}]},"5":{"line":55,"type":"cond-expr","locations":[{"start":{"line":56,"column":14},"end":{"line":56,"column":47}},{"start":{"line":57,"column":14},"end":{"line":57,"column":43}}]},"6":{"line":61,"type":"switch","locations":[{"start":{"line":68,"column":4},"end":{"line":150,"column":14},"skip":true},{"start":{"line":156,"column":4},"end":{"line":323,"column":14},"skip":true}]},"7":{"line":70,"type":"if","locations":[{"start":{"line":70,"column":12},"end":{"line":70,"column":12},"skip":true},{"start":{"line":70,"column":12},"end":{"line":70,"column":12},"skip":true}]},"8":{"line":70,"type":"binary-expr","locations":[{"start":{"line":70,"column":16},"end":{"line":70,"column":22},"skip":true},{"start":{"line":70,"column":27},"end":{"line":70,"column":32},"skip":true},{"start":{"line":71,"column":20},"end":{"line":71,"column":39},"skip":true},{"start":{"line":72,"column":20},"end":{"line":72,"column":49},"skip":true},{"start":{"line":73,"column":20},"end":{"line":73,"column":58},"skip":true},{"start":{"line":74,"column":20},"end":{"line":74,"column":69},"skip":true}]},"9":{"line":79,"type":"switch","locations":[{"start":{"line":80,"column":20},"end":{"line":80,"column":33},"skip":true},{"start":{"line":81,"column":20},"end":{"line":83,"column":30},"skip":true},{"start":{"line":84,"column":20},"end":{"line":85,"column":49},"skip":true}]},"10":{"line":89,"type":"switch","locations":[{"start":{"line":90,"column":12},"end":{"line":103,"column":22},"skip":true},{"start":{"line":105,"column":12},"end":{"line":106,"column":22},"skip":true}]},"11":{"line":89,"type":"binary-expr","locations":[{"start":{"line":89,"column":20},"end":{"line":89,"column":25},"skip":true},{"start":{"line":89,"column":29},"end":{"line":89,"column":48},"skip":true},{"start":{"line":89,"column":52},"end":{"line":89,"column":74},"skip":true}]},"12":{"line":92,"type":"if","locations":[{"start":{"line":92,"column":16},"end":{"line":92,"column":16},"skip":true},{"start":{"line":92,"column":16},"end":{"line":92,"column":16},"skip":true}]},"13":{"line":108,"type":"if","locations":[{"start":{"line":108,"column":12},"end":{"line":108,"column":12},"skip":true},{"start":{"line":108,"column":12},"end":{"line":108,"column":12},"skip":true}]},"14":{"line":108,"type":"binary-expr","locations":[{"start":{"line":108,"column":16},"end":{"line":108,"column":61},"skip":true},{"start":{"line":108,"column":66},"end":{"line":108,"column":72},"skip":true},{"start":{"line":108,"column":77},"end":{"line":108,"column":82},"skip":true},{"start":{"line":109,"column":20},"end":{"line":109,"column":39},"skip":true},{"start":{"line":110,"column":20},"end":{"line":110,"column":49},"skip":true},{"start":{"line":111,"column":20},"end":{"line":111,"column":58},"skip":true},{"start":{"line":112,"column":20},"end":{"line":112,"column":68},"skip":true}]},"15":{"line":129,"type":"if","locations":[{"start":{"line":129,"column":16},"end":{"line":129,"column":16},"skip":true},{"start":{"line":129,"column":16},"end":{"line":129,"column":16},"skip":true}]},"16":{"line":134,"type":"cond-expr","locations":[{"start":{"line":135,"column":26},"end":{"line":135,"column":29},"skip":true},{"start":{"line":136,"column":26},"end":{"line":136,"column":54},"skip":true}]},"17":{"line":164,"type":"binary-expr","locations":[{"start":{"line":164,"column":27},"end":{"line":164,"column":43},"skip":true},{"start":{"line":164,"column":47},"end":{"line":164,"column":49},"skip":true}]},"18":{"line":258,"type":"if","locations":[{"start":{"line":258,"column":8},"end":{"line":258,"column":8},"skip":true},{"start":{"line":258,"column":8},"end":{"line":258,"column":8},"skip":true}]},"19":{"line":275,"type":"switch","locations":[{"start":{"line":276,"column":20},"end":{"line":277,"column":64},"skip":true},{"start":{"line":278,"column":20},"end":{"line":279,"column":40},"skip":true},{"start":{"line":280,"column":20},"end":{"line":281,"column":40},"skip":true},{"start":{"line":282,"column":20},"end":{"line":283,"column":39},"skip":true}]},"20":{"line":288,"type":"if","locations":[{"start":{"line":288,"column":8},"end":{"line":288,"column":8},"skip":true},{"start":{"line":288,"column":8},"end":{"line":288,"column":8},"skip":true}]},"21":{"line":288,"type":"binary-expr","locations":[{"start":{"line":288,"column":12},"end":{"line":288,"column":40},"skip":true},{"start":{"line":288,"column":44},"end":{"line":288,"column":67},"skip":true}]},"22":{"line":292,"type":"binary-expr","locations":[{"start":{"line":292,"column":12},"end":{"line":292,"column":50},"skip":true},{"start":{"line":293,"column":12},"end":{"line":293,"column":53},"skip":true}]},"23":{"line":295,"type":"binary-expr","locations":[{"start":{"line":295,"column":12},"end":{"line":295,"column":61},"skip":true},{"start":{"line":296,"column":12},"end":{"line":301,"column":36},"skip":true}]},"24":{"line":302,"type":"binary-expr","locations":[{"start":{"line":302,"column":43},"end":{"line":302,"column":75},"skip":true},{"start":{"line":302,"column":79},"end":{"line":302,"column":81},"skip":true}]},"25":{"line":305,"type":"if","locations":[{"start":{"line":305,"column":8},"end":{"line":305,"column":8},"skip":true},{"start":{"line":305,"column":8},"end":{"line":305,"column":8},"skip":true}]},"26":{"line":309,"type":"if","locations":[{"start":{"line":309,"column":8},"end":{"line":309,"column":8},"skip":true},{"start":{"line":309,"column":8},"end":{"line":309,"column":8},"skip":true}]},"27":{"line":312,"type":"binary-expr","locations":[{"start":{"line":312,"column":27},"end":{"line":312,"column":43},"skip":true},{"start":{"line":312,"column":47},"end":{"line":312,"column":53},"skip":true}]},"28":{"line":316,"type":"if","locations":[{"start":{"line":316,"column":12},"end":{"line":316,"column":12},"skip":true},{"start":{"line":316,"column":12},"end":{"line":316,"column":12},"skip":true}]}},"code":["/*","example.js","","quickstart example","","instruction","    1. save this script as example.js","    2. run the shell command:","        $ npm install npmtest-acl && PORT=8081 node example.js","    3. play with the browser-demo on http://127.0.0.1:8081","*/","","","","/* istanbul instrument in package npmtest_acl */","/*jslint","    bitwise: true,","    browser: true,","    maxerr: 8,","    maxlen: 96,","    node: true,","    nomen: true,","    regexp: true,","    stupid: true","*/","(function () {","    'use strict';","    var local;","","","","    // run shared js-env code - pre-init","    (function () {","        // init local","        local = {};","        // init modeJs","        local.modeJs = (function () {","            try {","                return typeof navigator.userAgent === 'string' &&","                    typeof document.querySelector('body') === 'object' &&","                    typeof XMLHttpRequest.prototype.open === 'function' &&","                    'browser';","            } catch (errorCaughtBrowser) {","                return module.exports &&","                    typeof process.versions.node === 'string' &&","                    typeof require('http').createServer === 'function' &&","                    'node';","            }","        }());","        // init global","        local.global = local.modeJs === 'browser'","            ? window","            : global;","        // init utility2_rollup","        local = local.global.utility2_rollup || (local.modeJs === 'browser'","            ? local.global.utility2_npmtest_acl","            : global.utility2_moduleExports);","        // export local","        local.global.local = local;","    }());","    switch (local.modeJs) {","","","","    // post-init","    // run browser js-env code - post-init","    /* istanbul ignore next */","    case 'browser':","        local.testRunBrowser = function (event) {","            if (!event || (event &&","                    event.currentTarget &&","                    event.currentTarget.className &&","                    event.currentTarget.className.includes &&","                    event.currentTarget.className.includes('onreset'))) {","                // reset output","                Array.from(","                    document.querySelectorAll('body > .resettable')","                ).forEach(function (element) {","                    switch (element.tagName) {","                    case 'INPUT':","                    case 'TEXTAREA':","                        element.value = '';","                        break;","                    default:","                        element.textContent = '';","                    }","                });","            }","            switch (event && event.currentTarget && event.currentTarget.id) {","            case 'testRunButton1':","                // show tests","                if (document.querySelector('#testReportDiv1').style.display === 'none') {","                    document.querySelector('#testReportDiv1').style.display = 'block';","                    document.querySelector('#testRunButton1').textContent =","                        'hide internal test';","                    local.modeTest = true;","                    local.testRunDefault(local);","                // hide tests","                } else {","                    document.querySelector('#testReportDiv1').style.display = 'none';","                    document.querySelector('#testRunButton1').textContent = 'run internal test';","                }","                break;","            // custom-case","            default:","                break;","            }","            if (document.querySelector('#inputTextareaEval1') && (!event || (event &&","                    event.currentTarget &&","                    event.currentTarget.className &&","                    event.currentTarget.className.includes &&","                    event.currentTarget.className.includes('oneval')))) {","                // try to eval input-code","                try {","                    /*jslint evil: true*/","                    eval(document.querySelector('#inputTextareaEval1').value);","                } catch (errorCaught) {","                    console.error(errorCaught.stack);","                }","            }","        };","        // log stderr and stdout to #outputTextareaStdout1","        ['error', 'log'].forEach(function (key) {","            console[key + '_original'] = console[key];","            console[key] = function () {","                var element;","                console[key + '_original'].apply(console, arguments);","                element = document.querySelector('#outputTextareaStdout1');","                if (!element) {","                    return;","                }","                // append text to #outputTextareaStdout1","                element.value += Array.from(arguments).map(function (arg) {","                    return typeof arg === 'string'","                        ? arg","                        : JSON.stringify(arg, null, 4);","                }).join(' ') + '\\n';","                // scroll textarea to bottom","                element.scrollTop = element.scrollHeight;","            };","        });","        // init event-handling","        ['change', 'click', 'keyup'].forEach(function (event) {","            Array.from(document.querySelectorAll('.on' + event)).forEach(function (element) {","                element.addEventListener(event, local.testRunBrowser);","            });","        });","        // run tests","        local.testRunBrowser();","        break;","","","","    // run node js-env code - post-init","    /* istanbul ignore next */","    case 'node':","        // export local","        module.exports = local;","        // require modules","        local.fs = require('fs');","        local.http = require('http');","        local.url = require('url');","        // init assets","        local.assetsDict = local.assetsDict || {};","        /* jslint-ignore-begin */","        local.assetsDict['/assets.index.template.html'] = '\\","<!doctype html>\\n\\","<html lang=\"en\">\\n\\","<head>\\n\\","<meta charset=\"UTF-8\">\\n\\","<meta name=\"viewport\" content=\"width=device-width, initial-scale=1\">\\n\\","<title>{{env.npm_package_name}} (v{{env.npm_package_version}})</title>\\n\\","<style>\\n\\","/*csslint\\n\\","    box-sizing: false,\\n\\","    universal-selector: false\\n\\","*/\\n\\","* {\\n\\","    box-sizing: border-box;\\n\\","}\\n\\","body {\\n\\","    background: #dde;\\n\\","    font-family: Arial, Helvetica, sans-serif;\\n\\","    margin: 2rem;\\n\\","}\\n\\","body > * {\\n\\","    margin-bottom: 1rem;\\n\\","}\\n\\",".utility2FooterDiv {\\n\\","    margin-top: 20px;\\n\\","    text-align: center;\\n\\","}\\n\\","</style>\\n\\","<style>\\n\\","/*csslint\\n\\","*/\\n\\","textarea {\\n\\","    font-family: monospace;\\n\\","    height: 10rem;\\n\\","    width: 100%;\\n\\","}\\n\\","textarea[readonly] {\\n\\","    background: #ddd;\\n\\","}\\n\\","</style>\\n\\","</head>\\n\\","<body>\\n\\","<!-- utility2-comment\\n\\","<div id=\"ajaxProgressDiv1\" style=\"background: #d00; height: 2px; left: 0; margin: 0; padding: 0; position: fixed; top: 0; transition: background 0.5s, width 1.5s; width: 25%;\"></div>\\n\\","utility2-comment -->\\n\\","<h1>\\n\\","<!-- utility2-comment\\n\\","    <a\\n\\","        {{#if env.npm_package_homepage}}\\n\\","        href=\"{{env.npm_package_homepage}}\"\\n\\","        {{/if env.npm_package_homepage}}\\n\\","        target=\"_blank\"\\n\\","    >\\n\\","utility2-comment -->\\n\\","        {{env.npm_package_name}} (v{{env.npm_package_version}})\\n\\","<!-- utility2-comment\\n\\","    </a>\\n\\","utility2-comment -->\\n\\","</h1>\\n\\","<h3>{{env.npm_package_description}}</h3>\\n\\","<!-- utility2-comment\\n\\","<h4><a download href=\"assets.app.js\">download standalone app</a></h4>\\n\\","<button class=\"onclick onreset\" id=\"testRunButton1\">run internal test</button><br>\\n\\","<div id=\"testReportDiv1\" style=\"display: none;\"></div>\\n\\","utility2-comment -->\\n\\","\\n\\","\\n\\","\\n\\","<label>stderr and stdout</label>\\n\\","<textarea class=\"resettable\" id=\"outputTextareaStdout1\" readonly></textarea>\\n\\","<!-- utility2-comment\\n\\","{{#if isRollup}}\\n\\","<script src=\"assets.app.js\"></script>\\n\\","{{#unless isRollup}}\\n\\","utility2-comment -->\\n\\","<script src=\"assets.utility2.rollup.js\"></script>\\n\\","<script src=\"jsonp.utility2._stateInit?callback=window.utility2._stateInit\"></script>\\n\\","<script src=\"assets.npmtest_acl.rollup.js\"></script>\\n\\","<script src=\"assets.example.js\"></script>\\n\\","<script src=\"assets.test.js\"></script>\\n\\","<!-- utility2-comment\\n\\","{{/if isRollup}}\\n\\","utility2-comment -->\\n\\","<div class=\"utility2FooterDiv\">\\n\\","    [ this app was created with\\n\\","    <a href=\"https://github.com/kaizhu256/node-utility2\" target=\"_blank\">utility2</a>\\n\\","    ]\\n\\","</div>\\n\\","</body>\\n\\","</html>\\n\\","';","        /* jslint-ignore-end */","        if (local.templateRender) {","            local.assetsDict['/'] = local.templateRender(","                local.assetsDict['/assets.index.template.html'],","                {","                    env: local.objectSetDefault(local.env, {","                        npm_package_description: 'the greatest app in the world!',","                        npm_package_name: 'my-app',","                        npm_package_nameAlias: 'my_app',","                        npm_package_version: '0.0.1'","                    })","                }","            );","        } else {","            local.assetsDict['/'] = local.assetsDict['/assets.index.template.html']","                .replace((/\\{\\{env\\.(\\w+?)\\}\\}/g), function (match0, match1) {","                    // jslint-hack","                    String(match0);","                    switch (match1) {","                    case 'npm_package_description':","                        return 'the greatest app in the world!';","                    case 'npm_package_name':","                        return 'my-app';","                    case 'npm_package_nameAlias':","                        return 'my_app';","                    case 'npm_package_version':","                        return '0.0.1';","                    }","                });","        }","        // run the cli","        if (local.global.utility2_rollup || module !== require.main) {","            break;","        }","        local.assetsDict['/assets.example.js'] =","            local.assetsDict['/assets.example.js'] ||","            local.fs.readFileSync(__filename, 'utf8');","        local.assetsDict['/assets.npmtest_acl.rollup.js'] =","            local.assetsDict['/assets.npmtest_acl.rollup.js'] ||","            local.fs.readFileSync(","                // buildCustomOrg-hack","                local.npmtest_acl.__dirname +","                    '/lib.npmtest_acl.js',","                'utf8'","            ).replace((/^#!/), '//');","        local.assetsDict['/favicon.ico'] = local.assetsDict['/favicon.ico'] || '';","        // if $npm_config_timeout_exit exists,","        // then exit this process after $npm_config_timeout_exit ms","        if (Number(process.env.npm_config_timeout_exit)) {","            setTimeout(process.exit, Number(process.env.npm_config_timeout_exit));","        }","        // start server","        if (local.global.utility2_serverHttp1) {","            break;","        }","        process.env.PORT = process.env.PORT || '8081';","        console.error('server starting on port ' + process.env.PORT);","        local.http.createServer(function (request, response) {","            request.urlParsed = local.url.parse(request.url);","            if (local.assetsDict[request.urlParsed.pathname] !== undefined) {","                response.end(local.assetsDict[request.urlParsed.pathname]);","                return;","            }","            response.statusCode = 404;","            response.end();","        }).listen(process.env.PORT);","        break;","    }","}());",""],"l":{"26":2,"28":2,"33":2,"35":2,"37":2,"38":2,"39":2,"44":1,"51":2,"55":2,"59":2,"61":2,"69":1,"70":2,"76":2,"79":2,"82":2,"83":2,"85":1,"89":2,"92":1,"93":1,"94":1,"96":1,"97":1,"100":1,"101":1,"103":1,"106":1,"108":2,"114":1,"116":1,"118":1,"123":1,"124":2,"125":2,"126":2,"127":2,"128":2,"129":2,"130":1,"133":2,"134":2,"139":2,"143":1,"144":3,"145":1,"149":1,"150":1,"158":1,"160":1,"161":1,"162":1,"164":1,"166":1,"258":1,"259":1,"271":1,"274":6,"275":6,"277":1,"279":2,"281":1,"283":2,"288":1,"289":1,"291":1,"294":1,"302":1,"305":1,"306":1,"309":1,"310":1,"312":1,"313":1,"314":1,"315":1,"316":1,"317":1,"318":1,"320":1,"321":1,"323":1}},"/home/travis/build/npmtest/node-npmtest-acl/acl/index.js":{"path":"/home/travis/build/npmtest/node-npmtest-acl/acl/index.js","s":{"1":1,"2":1,"3":0,"4":1,"5":0,"6":1,"7":0},"b":{},"f":{"1":0,"2":0,"3":0},"fnMap":{"1":{"name":"(anonymous_1)","line":2,"loc":{"start":{"line":2,"column":48},"end":{"line":2,"column":58}}},"2":{"name":"(anonymous_2)","line":5,"loc":{"start":{"line":5,"column":49},"end":{"line":5,"column":59}}},"3":{"name":"(anonymous_3)","line":8,"loc":{"start":{"line":8,"column":50},"end":{"line":8,"column":60}}}},"statementMap":{"1":{"start":{"line":1,"column":0},"end":{"line":1,"column":41}},"2":{"start":{"line":2,"column":0},"end":{"line":4,"column":3}},"3":{"start":{"line":3,"column":2},"end":{"line":3,"column":43}},"4":{"start":{"line":5,"column":0},"end":{"line":7,"column":3}},"5":{"start":{"line":6,"column":2},"end":{"line":6,"column":44}},"6":{"start":{"line":8,"column":0},"end":{"line":10,"column":3}},"7":{"start":{"line":9,"column":2},"end":{"line":9,"column":45}}},"branchMap":{},"code":["module.exports = require('./lib/acl.js');","module.exports.__defineGetter__('redisBackend', function(){","  return require('./lib/redis-backend.js');","});","module.exports.__defineGetter__('memoryBackend', function(){","  return require('./lib/memory-backend.js');","});","module.exports.__defineGetter__('mongodbBackend', function(){","  return require('./lib/mongodb-backend.js');","});"],"l":{"1":1,"2":1,"3":0,"5":1,"6":0,"8":1,"9":0}},"/home/travis/build/npmtest/node-npmtest-acl/acl/lib/acl.js":{"path":"/home/travis/build/npmtest/node-npmtest-acl/acl/lib/acl.js","s":{"1":1,"2":1,"3":1,"4":0,"5":0,"6":0,"7":0,"8":0,"9":0,"10":0,"11":0,"12":0,"13":0,"14":0,"15":1,"16":0,"17":0,"18":0,"19":0,"20":0,"21":0,"22":0,"23":0,"24":0,"25":0,"26":1,"27":0,"28":0,"29":0,"30":0,"31":0,"32":0,"33":0,"34":0,"35":0,"36":1,"37":0,"38":1,"39":0,"40":1,"41":0,"42":0,"43":1,"44":0,"45":0,"46":0,"47":0,"48":0,"49":1,"50":0,"51":0,"52":0,"53":0,"54":0,"55":0,"56":0,"57":0,"58":0,"59":1,"60":0,"61":0,"62":0,"63":0,"64":0,"65":0,"66":0,"67":0,"68":0,"69":0,"70":0,"71":0,"72":1,"73":0,"74":0,"75":0,"76":0,"77":0,"78":0,"79":0,"80":0,"81":1,"82":0,"83":0,"84":0,"85":0,"86":0,"87":0,"88":0,"89":0,"90":0,"91":0,"92":0,"93":0,"94":0,"95":0,"96":1,"97":0,"98":0,"99":0,"100":0,"101":0,"102":0,"103":0,"104":1,"105":0,"106":0,"107":0,"108":0,"109":0,"110":0,"111":0,"112":0,"113":0,"114":0,"115":0,"116":0,"117":0,"118":0,"119":0,"120":0,"121":1,"122":0,"123":0,"124":0,"125":0,"126":0,"127":0,"128":0,"129":0,"130":0,"131":0,"132":0,"133":0,"134":0,"135":1,"136":0,"137":0,"138":0,"139":0,"140":0,"141":0,"142":0,"143":0,"144":0,"145":0,"146":0,"147":0,"148":0,"149":0,"150":0,"151":0,"152":0,"153":1,"154":0,"155":0,"156":0,"157":0,"158":0,"159":0,"160":1,"161":0,"162":0,"163":0,"164":0,"165":0,"166":0,"167":1,"168":0,"169":0,"170":0,"171":0,"172":0,"173":0,"174":0,"175":0,"176":1,"177":0,"178":0,"179":0,"180":0,"181":0,"182":0,"183":0,"184":0,"185":0,"186":0,"187":0,"188":1,"189":0,"190":0,"191":1,"192":0,"193":0,"194":0,"195":0,"196":0,"197":0,"198":0,"199":0,"200":0,"201":0,"202":0,"203":0,"204":0,"205":0,"206":0,"207":0,"208":0,"209":0,"210":0,"211":0,"212":0,"213":0,"214":0,"215":0,"216":0,"217":0,"218":0,"219":0,"220":0,"221":0,"222":0,"223":0,"224":0,"225":0,"226":0,"227":0,"228":0,"229":1,"230":0,"231":0,"232":0,"233":0,"234":0,"235":0,"236":0,"237":0,"238":0,"239":0,"240":0,"241":1,"242":0,"243":0,"244":0,"245":0,"246":0,"247":0,"248":0,"249":0,"250":0,"251":1,"252":0,"253":1,"254":0,"255":0,"256":0,"257":0,"258":0,"259":0,"260":1,"261":0,"262":0,"263":0,"264":0,"265":0,"266":1,"267":0,"268":0,"269":0,"270":0,"271":0,"272":0,"273":0,"274":0,"275":1,"276":0,"277":0,"278":0,"279":0,"280":0,"281":0,"282":0,"283":0,"284":0,"285":1,"286":0,"287":0,"288":0,"289":0,"290":0,"291":0,"292":0,"293":0,"294":0,"295":0,"296":0,"297":0,"298":1,"299":0,"300":1,"301":0,"302":1,"303":0,"304":1},"b":{"1":[0,0],"2":[0,0],"3":[0,0],"4":[0,0],"5":[0,0],"6":[0,0],"7":[0,0],"8":[0,0,0,0],"9":[0,0],"10":[0,0,0],"11":[0,0],"12":[0,0],"13":[0,0],"14":[0,0],"15":[0,0],"16":[0,0],"17":[0,0],"18":[0,0],"19":[0,0],"20":[0,0],"21":[0,0],"22":[0,0],"23":[0,0],"24":[0,0],"25":[0,0],"26":[0,0],"27":[0,0],"28":[0,0],"29":[0,0],"30":[0,0],"31":[0,0],"32":[0,0],"33":[0,0],"34":[0,0],"35":[0,0],"36":[0,0],"37":[0,0],"38":[0,0],"39":[0,0],"40":[0,0],"41":[0,0],"42":[0,0],"43":[0,0],"44":[0,0],"45":[0,0],"46":[0,0],"47":[0,0],"48":[0,0],"49":[0,0],"50":[0,0],"51":[0,0],"52":[0,0]},"f":{"1":0,"2":0,"3":0,"4":0,"5":0,"6":0,"7":0,"8":0,"9":0,"10":0,"11":0,"12":0,"13":0,"14":0,"15":0,"16":0,"17":0,"18":0,"19":0,"20":0,"21":0,"22":0,"23":0,"24":0,"25":0,"26":0,"27":0,"28":0,"29":0,"30":0,"31":0,"32":0,"33":0,"34":0,"35":0,"36":0,"37":0,"38":0,"39":0,"40":0,"41":0,"42":0,"43":0,"44":0,"45":0,"46":0,"47":0,"48":0,"49":0,"50":0,"51":0,"52":0,"53":0,"54":0,"55":0,"56":0,"57":0,"58":0,"59":0,"60":0,"61":0,"62":0,"63":0,"64":0,"65":0,"66":0,"67":0,"68":0,"69":0,"70":0,"71":0,"72":0,"73":0,"74":0,"75":0,"76":0,"77":0,"78":0,"79":0,"80":0},"fnMap":{"1":{"name":"(anonymous_1)","line":41,"loc":{"start":{"line":41,"column":10},"end":{"line":41,"column":45}}},"2":{"name":"(anonymous_2)","line":83,"loc":{"start":{"line":83,"column":29},"end":{"line":83,"column":56}}},"3":{"name":"(anonymous_3)","line":96,"loc":{"start":{"line":96,"column":20},"end":{"line":96,"column":35}}},"4":{"name":"(anonymous_4)","line":117,"loc":{"start":{"line":117,"column":32},"end":{"line":117,"column":59}}},"5":{"name":"(anonymous_5)","line":129,"loc":{"start":{"line":129,"column":18},"end":{"line":129,"column":33}}},"6":{"name":"(anonymous_6)","line":149,"loc":{"start":{"line":149,"column":26},"end":{"line":149,"column":46}}},"7":{"name":"(anonymous_7)","line":161,"loc":{"start":{"line":161,"column":26},"end":{"line":161,"column":48}}},"8":{"name":"(anonymous_8)","line":175,"loc":{"start":{"line":175,"column":24},"end":{"line":175,"column":54}}},"9":{"name":"(anonymous_9)","line":176,"loc":{"start":{"line":176,"column":37},"end":{"line":176,"column":52}}},"10":{"name":"(anonymous_10)","line":191,"loc":{"start":{"line":191,"column":31},"end":{"line":191,"column":58}}},"11":{"name":"(anonymous_11)","line":215,"loc":{"start":{"line":215,"column":34},"end":{"line":215,"column":61}}},"12":{"name":"(anonymous_12)","line":245,"loc":{"start":{"line":245,"column":27},"end":{"line":245,"column":45}}},"13":{"name":"(anonymous_13)","line":252,"loc":{"start":{"line":252,"column":74},"end":{"line":252,"column":93}}},"14":{"name":"(anonymous_14)","line":255,"loc":{"start":{"line":255,"column":22},"end":{"line":255,"column":40}}},"15":{"name":"(anonymous_15)","line":280,"loc":{"start":{"line":280,"column":31},"end":{"line":280,"column":53}}},"16":{"name":"(anonymous_16)","line":287,"loc":{"start":{"line":287,"column":72},"end":{"line":287,"column":87}}},"17":{"name":"(anonymous_17)","line":290,"loc":{"start":{"line":290,"column":18},"end":{"line":290,"column":32}}},"18":{"name":"(anonymous_18)","line":316,"loc":{"start":{"line":316,"column":22},"end":{"line":316,"column":65}}},"19":{"name":"(anonymous_19)","line":336,"loc":{"start":{"line":336,"column":22},"end":{"line":336,"column":40}}},"20":{"name":"(anonymous_20)","line":337,"loc":{"start":{"line":337,"column":20},"end":{"line":337,"column":34}}},"21":{"name":"(anonymous_21)","line":342,"loc":{"start":{"line":342,"column":18},"end":{"line":342,"column":32}}},"22":{"name":"(anonymous_22)","line":351,"loc":{"start":{"line":351,"column":28},"end":{"line":351,"column":70}}},"23":{"name":"(anonymous_23)","line":381,"loc":{"start":{"line":381,"column":34},"end":{"line":381,"column":76}}},"24":{"name":"(anonymous_24)","line":386,"loc":{"start":{"line":386,"column":20},"end":{"line":386,"column":38}}},"25":{"name":"(anonymous_25)","line":398,"loc":{"start":{"line":398,"column":50},"end":{"line":398,"column":60}}},"26":{"name":"(anonymous_26)","line":400,"loc":{"start":{"line":400,"column":38},"end":{"line":400,"column":56}}},"27":{"name":"(anonymous_27)","line":402,"loc":{"start":{"line":402,"column":55},"end":{"line":402,"column":76}}},"28":{"name":"(anonymous_28)","line":407,"loc":{"start":{"line":407,"column":13},"end":{"line":407,"column":23}}},"29":{"name":"(anonymous_29)","line":426,"loc":{"start":{"line":426,"column":35},"end":{"line":426,"column":66}}},"30":{"name":"(anonymous_30)","line":442,"loc":{"start":{"line":442,"column":38},"end":{"line":442,"column":53}}},"31":{"name":"(anonymous_31)","line":444,"loc":{"start":{"line":444,"column":38},"end":{"line":444,"column":56}}},"32":{"name":"(anonymous_32)","line":445,"loc":{"start":{"line":445,"column":62},"end":{"line":445,"column":83}}},"33":{"name":"(anonymous_33)","line":448,"loc":{"start":{"line":448,"column":13},"end":{"line":448,"column":23}}},"34":{"name":"(anonymous_34)","line":469,"loc":{"start":{"line":469,"column":44},"end":{"line":469,"column":75}}},"35":{"name":"(anonymous_35)","line":482,"loc":{"start":{"line":482,"column":41},"end":{"line":482,"column":57}}},"36":{"name":"(anonymous_36)","line":486,"loc":{"start":{"line":486,"column":22},"end":{"line":486,"column":39}}},"37":{"name":"(anonymous_37)","line":493,"loc":{"start":{"line":493,"column":10},"end":{"line":493,"column":29}}},"38":{"name":"(anonymous_38)","line":495,"loc":{"start":{"line":495,"column":34},"end":{"line":495,"column":51}}},"39":{"name":"(anonymous_39)","line":514,"loc":{"start":{"line":514,"column":26},"end":{"line":514,"column":69}}},"40":{"name":"(anonymous_40)","line":522,"loc":{"start":{"line":522,"column":72},"end":{"line":522,"column":87}}},"41":{"name":"(anonymous_41)","line":541,"loc":{"start":{"line":541,"column":35},"end":{"line":541,"column":77}}},"42":{"name":"(anonymous_42)","line":570,"loc":{"start":{"line":570,"column":30},"end":{"line":570,"column":62}}},"43":{"name":"(anonymous_43)","line":589,"loc":{"start":{"line":589,"column":35},"end":{"line":589,"column":67}}},"44":{"name":"(anonymous_44)","line":592,"loc":{"start":{"line":592,"column":42},"end":{"line":592,"column":61}}},"45":{"name":"(anonymous_45)","line":593,"loc":{"start":{"line":593,"column":38},"end":{"line":593,"column":56}}},"46":{"name":"(anonymous_46)","line":594,"loc":{"start":{"line":594,"column":62},"end":{"line":594,"column":73}}},"47":{"name":"(anonymous_47)","line":604,"loc":{"start":{"line":604,"column":13},"end":{"line":604,"column":23}}},"48":{"name":"(anonymous_48)","line":636,"loc":{"start":{"line":636,"column":27},"end":{"line":636,"column":71}}},"49":{"name":"HttpError","line":646,"loc":{"start":{"line":646,"column":2},"end":{"line":646,"column":36}}},"50":{"name":"(anonymous_50)","line":655,"loc":{"start":{"line":655,"column":9},"end":{"line":655,"column":33}}},"51":{"name":"(anonymous_51)","line":695,"loc":{"start":{"line":695,"column":47},"end":{"line":695,"column":69}}},"52":{"name":"(anonymous_52)","line":701,"loc":{"start":{"line":701,"column":52},"end":{"line":701,"column":70}}},"53":{"name":"(anonymous_53)","line":719,"loc":{"start":{"line":719,"column":40},"end":{"line":719,"column":61}}},"54":{"name":"(anonymous_54)","line":729,"loc":{"start":{"line":729,"column":9},"end":{"line":729,"column":38}}},"55":{"name":"(anonymous_55)","line":745,"loc":{"start":{"line":745,"column":25},"end":{"line":745,"column":39}}},"56":{"name":"(anonymous_56)","line":750,"loc":{"start":{"line":750,"column":15},"end":{"line":750,"column":28}}},"57":{"name":"(anonymous_57)","line":752,"loc":{"start":{"line":752,"column":23},"end":{"line":752,"column":38}}},"58":{"name":"(anonymous_58)","line":760,"loc":{"start":{"line":760,"column":34},"end":{"line":760,"column":55}}},"59":{"name":"(anonymous_59)","line":768,"loc":{"start":{"line":768,"column":30},"end":{"line":768,"column":45}}},"60":{"name":"(anonymous_60)","line":804,"loc":{"start":{"line":804,"column":26},"end":{"line":804,"column":45}}},"61":{"name":"(anonymous_61)","line":807,"loc":{"start":{"line":807,"column":44},"end":{"line":807,"column":61}}},"62":{"name":"(anonymous_62)","line":809,"loc":{"start":{"line":809,"column":43},"end":{"line":809,"column":64}}},"63":{"name":"(anonymous_63)","line":821,"loc":{"start":{"line":821,"column":30},"end":{"line":821,"column":47}}},"64":{"name":"(anonymous_64)","line":824,"loc":{"start":{"line":824,"column":37},"end":{"line":824,"column":53}}},"65":{"name":"(anonymous_65)","line":836,"loc":{"start":{"line":836,"column":32},"end":{"line":836,"column":47}}},"66":{"name":"(anonymous_66)","line":840,"loc":{"start":{"line":840,"column":36},"end":{"line":840,"column":54}}},"67":{"name":"(anonymous_67)","line":844,"loc":{"start":{"line":844,"column":37},"end":{"line":844,"column":51}}},"68":{"name":"(anonymous_68)","line":845,"loc":{"start":{"line":845,"column":80},"end":{"line":845,"column":99}}},"69":{"name":"(anonymous_69)","line":848,"loc":{"start":{"line":848,"column":13},"end":{"line":848,"column":23}}},"70":{"name":"(anonymous_70)","line":857,"loc":{"start":{"line":857,"column":37},"end":{"line":857,"column":62}}},"71":{"name":"(anonymous_71)","line":863,"loc":{"start":{"line":863,"column":71},"end":{"line":863,"column":100}}},"72":{"name":"(anonymous_72)","line":864,"loc":{"start":{"line":864,"column":45},"end":{"line":864,"column":62}}},"73":{"name":"(anonymous_73)","line":866,"loc":{"start":{"line":866,"column":68},"end":{"line":866,"column":93}}},"74":{"name":"(anonymous_74)","line":880,"loc":{"start":{"line":880,"column":34},"end":{"line":880,"column":72}}},"75":{"name":"(anonymous_75)","line":883,"loc":{"start":{"line":883,"column":69},"end":{"line":883,"column":98}}},"76":{"name":"(anonymous_76)","line":887,"loc":{"start":{"line":887,"column":39},"end":{"line":887,"column":50}}},"77":{"name":"(anonymous_77)","line":894,"loc":{"start":{"line":894,"column":83},"end":{"line":894,"column":100}}},"78":{"name":"makeArray","line":912,"loc":{"start":{"line":912,"column":0},"end":{"line":912,"column":23}}},"79":{"name":"allowsBucket","line":916,"loc":{"start":{"line":916,"column":0},"end":{"line":916,"column":27}}},"80":{"name":"keyFromAllowsBucket","line":920,"loc":{"start":{"line":920,"column":0},"end":{"line":920,"column":34}}}},"statementMap":{"1":{"start":{"line":34,"column":0},"end":{"line":37,"column":33}},"2":{"start":{"line":39,"column":0},"end":{"line":39,"column":22}},"3":{"start":{"line":41,"column":0},"end":{"line":71,"column":2}},"4":{"start":{"line":42,"column":2},"end":{"line":46,"column":11}},"5":{"start":{"line":48,"column":2},"end":{"line":57,"column":14}},"6":{"start":{"line":59,"column":2},"end":{"line":59,"column":23}},"7":{"start":{"line":60,"column":2},"end":{"line":60,"column":25}},"8":{"start":{"line":61,"column":2},"end":{"line":61,"column":25}},"9":{"start":{"line":64,"column":2},"end":{"line":64,"column":53}},"10":{"start":{"line":65,"column":2},"end":{"line":65,"column":53}},"11":{"start":{"line":66,"column":2},"end":{"line":66,"column":57}},"12":{"start":{"line":67,"column":2},"end":{"line":67,"column":57}},"13":{"start":{"line":68,"column":2},"end":{"line":70,"column":3}},"14":{"start":{"line":69,"column":4},"end":{"line":69,"column":61}},"15":{"start":{"line":83,"column":0},"end":{"line":105,"column":2}},"16":{"start":{"line":84,"column":2},"end":{"line":87,"column":11}},"17":{"start":{"line":89,"column":2},"end":{"line":89,"column":41}},"18":{"start":{"line":90,"column":2},"end":{"line":90,"column":76}},"19":{"start":{"line":91,"column":2},"end":{"line":91,"column":75}},"20":{"start":{"line":93,"column":2},"end":{"line":102,"column":3}},"21":{"start":{"line":94,"column":4},"end":{"line":94,"column":21}},"22":{"start":{"line":96,"column":6},"end":{"line":98,"column":9}},"23":{"start":{"line":97,"column":8},"end":{"line":97,"column":82}},"24":{"start":{"line":101,"column":6},"end":{"line":101,"column":79}},"25":{"start":{"line":104,"column":2},"end":{"line":104,"column":56}},"26":{"start":{"line":117,"column":0},"end":{"line":138,"column":2}},"27":{"start":{"line":118,"column":2},"end":{"line":121,"column":11}},"28":{"start":{"line":123,"column":2},"end":{"line":123,"column":41}},"29":{"start":{"line":124,"column":2},"end":{"line":124,"column":78}},"30":{"start":{"line":126,"column":2},"end":{"line":135,"column":3}},"31":{"start":{"line":127,"column":4},"end":{"line":127,"column":21}},"32":{"start":{"line":129,"column":4},"end":{"line":131,"column":7}},"33":{"start":{"line":130,"column":6},"end":{"line":130,"column":83}},"34":{"start":{"line":134,"column":4},"end":{"line":134,"column":80}},"35":{"start":{"line":137,"column":2},"end":{"line":137,"column":56}},"36":{"start":{"line":149,"column":0},"end":{"line":151,"column":2}},"37":{"start":{"line":150,"column":2},"end":{"line":150,"column":79}},"38":{"start":{"line":161,"column":0},"end":{"line":163,"column":2}},"39":{"start":{"line":162,"column":2},"end":{"line":162,"column":81}},"40":{"start":{"line":175,"column":0},"end":{"line":179,"column":2}},"41":{"start":{"line":176,"column":2},"end":{"line":178,"column":17}},"42":{"start":{"line":177,"column":4},"end":{"line":177,"column":41}},"43":{"start":{"line":191,"column":0},"end":{"line":201,"column":2}},"44":{"start":{"line":192,"column":2},"end":{"line":195,"column":11}},"45":{"start":{"line":197,"column":2},"end":{"line":197,"column":41}},"46":{"start":{"line":198,"column":2},"end":{"line":198,"column":74}},"47":{"start":{"line":199,"column":2},"end":{"line":199,"column":77}},"48":{"start":{"line":200,"column":2},"end":{"line":200,"column":56}},"49":{"start":{"line":215,"column":0},"end":{"line":235,"column":2}},"50":{"start":{"line":216,"column":2},"end":{"line":221,"column":11}},"51":{"start":{"line":223,"column":2},"end":{"line":226,"column":3}},"52":{"start":{"line":224,"column":4},"end":{"line":224,"column":17}},"53":{"start":{"line":225,"column":4},"end":{"line":225,"column":19}},"54":{"start":{"line":228,"column":2},"end":{"line":228,"column":41}},"55":{"start":{"line":229,"column":2},"end":{"line":233,"column":3}},"56":{"start":{"line":230,"column":4},"end":{"line":230,"column":82}},"57":{"start":{"line":232,"column":4},"end":{"line":232,"column":70}},"58":{"start":{"line":234,"column":2},"end":{"line":234,"column":56}},"59":{"start":{"line":245,"column":0},"end":{"line":269,"column":2}},"60":{"start":{"line":246,"column":2},"end":{"line":248,"column":28}},"61":{"start":{"line":250,"column":2},"end":{"line":250,"column":19}},"62":{"start":{"line":252,"column":2},"end":{"line":268,"column":17}},"63":{"start":{"line":253,"column":4},"end":{"line":253,"column":44}},"64":{"start":{"line":255,"column":4},"end":{"line":258,"column":7}},"65":{"start":{"line":256,"column":6},"end":{"line":256,"column":42}},"66":{"start":{"line":257,"column":6},"end":{"line":257,"column":51}},"67":{"start":{"line":260,"column":4},"end":{"line":260,"column":74}},"68":{"start":{"line":261,"column":4},"end":{"line":261,"column":72}},"69":{"start":{"line":262,"column":4},"end":{"line":262,"column":69}},"70":{"start":{"line":263,"column":4},"end":{"line":263,"column":81}},"71":{"start":{"line":267,"column":4},"end":{"line":267,"column":47}},"72":{"start":{"line":280,"column":0},"end":{"line":295,"column":2}},"73":{"start":{"line":281,"column":2},"end":{"line":284,"column":11}},"74":{"start":{"line":286,"column":2},"end":{"line":286,"column":19}},"75":{"start":{"line":287,"column":2},"end":{"line":294,"column":16}},"76":{"start":{"line":288,"column":4},"end":{"line":288,"column":44}},"77":{"start":{"line":289,"column":4},"end":{"line":289,"column":66}},"78":{"start":{"line":290,"column":4},"end":{"line":292,"column":6}},"79":{"start":{"line":291,"column":6},"end":{"line":291,"column":89}},"80":{"start":{"line":293,"column":4},"end":{"line":293,"column":47}},"81":{"start":{"line":316,"column":0},"end":{"line":348,"column":2}},"82":{"start":{"line":317,"column":2},"end":{"line":322,"column":11}},"83":{"start":{"line":324,"column":2},"end":{"line":347,"column":3}},"84":{"start":{"line":325,"column":4},"end":{"line":325,"column":51}},"85":{"start":{"line":327,"column":4},"end":{"line":327,"column":21}},"86":{"start":{"line":329,"column":4},"end":{"line":329,"column":29}},"87":{"start":{"line":330,"column":4},"end":{"line":330,"column":37}},"88":{"start":{"line":332,"column":4},"end":{"line":332,"column":44}},"89":{"start":{"line":334,"column":4},"end":{"line":334,"column":79}},"90":{"start":{"line":336,"column":4},"end":{"line":340,"column":7}},"91":{"start":{"line":337,"column":6},"end":{"line":339,"column":9}},"92":{"start":{"line":338,"column":8},"end":{"line":338,"column":82}},"93":{"start":{"line":342,"column":4},"end":{"line":344,"column":7}},"94":{"start":{"line":343,"column":6},"end":{"line":343,"column":87}},"95":{"start":{"line":346,"column":4},"end":{"line":346,"column":59}},"96":{"start":{"line":351,"column":0},"end":{"line":368,"column":1}},"97":{"start":{"line":352,"column":2},"end":{"line":357,"column":11}},"98":{"start":{"line":359,"column":4},"end":{"line":359,"column":37}},"99":{"start":{"line":360,"column":4},"end":{"line":365,"column":5}},"100":{"start":{"line":361,"column":6},"end":{"line":361,"column":43}},"101":{"start":{"line":363,"column":6},"end":{"line":363,"column":23}},"102":{"start":{"line":364,"column":6},"end":{"line":364,"column":25}},"103":{"start":{"line":367,"column":2},"end":{"line":367,"column":66}},"104":{"start":{"line":381,"column":0},"end":{"line":411,"column":2}},"105":{"start":{"line":383,"column":2},"end":{"line":383,"column":19}},"106":{"start":{"line":385,"column":2},"end":{"line":385,"column":42}},"107":{"start":{"line":386,"column":2},"end":{"line":394,"column":5}},"108":{"start":{"line":387,"column":4},"end":{"line":387,"column":40}},"109":{"start":{"line":388,"column":4},"end":{"line":393,"column":5}},"110":{"start":{"line":389,"column":6},"end":{"line":389,"column":67}},"111":{"start":{"line":391,"column":6},"end":{"line":391,"column":51}},"112":{"start":{"line":392,"column":6},"end":{"line":392,"column":89}},"113":{"start":{"line":398,"column":2},"end":{"line":410,"column":17}},"114":{"start":{"line":399,"column":4},"end":{"line":399,"column":44}},"115":{"start":{"line":400,"column":4},"end":{"line":409,"column":7}},"116":{"start":{"line":401,"column":6},"end":{"line":401,"column":42}},"117":{"start":{"line":402,"column":6},"end":{"line":406,"column":9}},"118":{"start":{"line":403,"column":8},"end":{"line":405,"column":9}},"119":{"start":{"line":404,"column":10},"end":{"line":404,"column":93}},"120":{"start":{"line":408,"column":6},"end":{"line":408,"column":49}},"121":{"start":{"line":426,"column":0},"end":{"line":452,"column":2}},"122":{"start":{"line":427,"column":2},"end":{"line":428,"column":24}},"123":{"start":{"line":428,"column":4},"end":{"line":428,"column":24}},"124":{"start":{"line":430,"column":2},"end":{"line":433,"column":11}},"125":{"start":{"line":435,"column":2},"end":{"line":437,"column":3}},"126":{"start":{"line":436,"column":4},"end":{"line":436,"column":67}},"127":{"start":{"line":439,"column":2},"end":{"line":439,"column":19}},"128":{"start":{"line":440,"column":2},"end":{"line":440,"column":35}},"129":{"start":{"line":442,"column":2},"end":{"line":451,"column":17}},"130":{"start":{"line":443,"column":4},"end":{"line":443,"column":20}},"131":{"start":{"line":444,"column":4},"end":{"line":450,"column":7}},"132":{"start":{"line":445,"column":6},"end":{"line":447,"column":9}},"133":{"start":{"line":446,"column":8},"end":{"line":446,"column":39}},"134":{"start":{"line":449,"column":6},"end":{"line":449,"column":20}},"135":{"start":{"line":469,"column":0},"end":{"line":501,"column":2}},"136":{"start":{"line":470,"column":2},"end":{"line":472,"column":3}},"137":{"start":{"line":471,"column":4},"end":{"line":471,"column":24}},"138":{"start":{"line":474,"column":2},"end":{"line":477,"column":11}},"139":{"start":{"line":479,"column":2},"end":{"line":479,"column":35}},"140":{"start":{"line":480,"column":2},"end":{"line":480,"column":18}},"141":{"start":{"line":482,"column":2},"end":{"line":500,"column":17}},"142":{"start":{"line":483,"column":4},"end":{"line":483,"column":46}},"143":{"start":{"line":484,"column":4},"end":{"line":490,"column":5}},"144":{"start":{"line":485,"column":6},"end":{"line":485,"column":27}},"145":{"start":{"line":486,"column":6},"end":{"line":488,"column":9}},"146":{"start":{"line":487,"column":8},"end":{"line":487,"column":33}},"147":{"start":{"line":489,"column":6},"end":{"line":489,"column":43}},"148":{"start":{"line":492,"column":4},"end":{"line":492,"column":52}},"149":{"start":{"line":494,"column":4},"end":{"line":494,"column":20}},"150":{"start":{"line":495,"column":4},"end":{"line":497,"column":7}},"151":{"start":{"line":496,"column":6},"end":{"line":496,"column":61}},"152":{"start":{"line":499,"column":4},"end":{"line":499,"column":18}},"153":{"start":{"line":514,"column":0},"end":{"line":529,"column":2}},"154":{"start":{"line":515,"column":2},"end":{"line":518,"column":11}},"155":{"start":{"line":520,"column":2},"end":{"line":520,"column":19}},"156":{"start":{"line":522,"column":2},"end":{"line":528,"column":17}},"157":{"start":{"line":523,"column":4},"end":{"line":527,"column":5}},"158":{"start":{"line":524,"column":6},"end":{"line":524,"column":68}},"159":{"start":{"line":526,"column":6},"end":{"line":526,"column":19}},"160":{"start":{"line":541,"column":0},"end":{"line":555,"column":2}},"161":{"start":{"line":542,"column":2},"end":{"line":545,"column":11}},"162":{"start":{"line":547,"column":2},"end":{"line":547,"column":27}},"163":{"start":{"line":548,"column":2},"end":{"line":548,"column":39}},"164":{"start":{"line":550,"column":2},"end":{"line":554,"column":3}},"165":{"start":{"line":551,"column":4},"end":{"line":551,"column":47}},"166":{"start":{"line":553,"column":4},"end":{"line":553,"column":76}},"167":{"start":{"line":570,"column":0},"end":{"line":587,"column":2}},"168":{"start":{"line":571,"column":2},"end":{"line":576,"column":11}},"169":{"start":{"line":578,"column":2},"end":{"line":578,"column":27}},"170":{"start":{"line":579,"column":2},"end":{"line":584,"column":3}},"171":{"start":{"line":580,"column":4},"end":{"line":580,"column":21}},"172":{"start":{"line":581,"column":4},"end":{"line":581,"column":28}},"173":{"start":{"line":582,"column":8},"end":{"line":584,"column":3}},"174":{"start":{"line":583,"column":4},"end":{"line":583,"column":41}},"175":{"start":{"line":586,"column":2},"end":{"line":586,"column":57}},"176":{"start":{"line":589,"column":0},"end":{"line":608,"column":1}},"177":{"start":{"line":590,"column":2},"end":{"line":590,"column":19}},"178":{"start":{"line":591,"column":2},"end":{"line":591,"column":52}},"179":{"start":{"line":592,"column":2},"end":{"line":607,"column":17}},"180":{"start":{"line":593,"column":4},"end":{"line":606,"column":7}},"181":{"start":{"line":594,"column":6},"end":{"line":603,"column":9}},"182":{"start":{"line":595,"column":8},"end":{"line":602,"column":9}},"183":{"start":{"line":596,"column":10},"end":{"line":596,"column":65}},"184":{"start":{"line":597,"column":10},"end":{"line":599,"column":11}},"185":{"start":{"line":598,"column":12},"end":{"line":598,"column":34}},"186":{"start":{"line":601,"column":10},"end":{"line":601,"column":31}},"187":{"start":{"line":605,"column":6},"end":{"line":605,"column":20}},"188":{"start":{"line":636,"column":0},"end":{"line":712,"column":2}},"189":{"start":{"line":637,"column":2},"end":{"line":642,"column":11}},"190":{"start":{"line":644,"column":2},"end":{"line":644,"column":17}},"191":{"start":{"line":646,"column":2},"end":{"line":653,"column":3}},"192":{"start":{"line":647,"column":4},"end":{"line":647,"column":31}},"193":{"start":{"line":648,"column":4},"end":{"line":648,"column":23}},"194":{"start":{"line":649,"column":4},"end":{"line":649,"column":38}},"195":{"start":{"line":651,"column":4},"end":{"line":651,"column":52}},"196":{"start":{"line":652,"column":4},"end":{"line":652,"column":59}},"197":{"start":{"line":655,"column":2},"end":{"line":711,"column":4}},"198":{"start":{"line":656,"column":4},"end":{"line":659,"column":12}},"199":{"start":{"line":662,"column":4},"end":{"line":664,"column":5}},"200":{"start":{"line":663,"column":6},"end":{"line":663,"column":33}},"201":{"start":{"line":665,"column":4},"end":{"line":674,"column":5}},"202":{"start":{"line":666,"column":6},"end":{"line":673,"column":7}},"203":{"start":{"line":667,"column":8},"end":{"line":667,"column":37}},"204":{"start":{"line":668,"column":12},"end":{"line":673,"column":7}},"205":{"start":{"line":669,"column":8},"end":{"line":669,"column":30}},"206":{"start":{"line":671,"column":8},"end":{"line":671,"column":59}},"207":{"start":{"line":672,"column":8},"end":{"line":672,"column":15}},"208":{"start":{"line":677,"column":4},"end":{"line":680,"column":5}},"209":{"start":{"line":678,"column":6},"end":{"line":678,"column":57}},"210":{"start":{"line":679,"column":6},"end":{"line":679,"column":13}},"211":{"start":{"line":682,"column":4},"end":{"line":682,"column":40}},"212":{"start":{"line":683,"column":4},"end":{"line":687,"column":5}},"213":{"start":{"line":684,"column":6},"end":{"line":684,"column":21}},"214":{"start":{"line":686,"column":6},"end":{"line":686,"column":71}},"215":{"start":{"line":689,"column":4},"end":{"line":691,"column":5}},"216":{"start":{"line":690,"column":6},"end":{"line":690,"column":42}},"217":{"start":{"line":693,"column":4},"end":{"line":693,"column":97}},"218":{"start":{"line":695,"column":4},"end":{"line":710,"column":7}},"219":{"start":{"line":696,"column":6},"end":{"line":709,"column":7}},"220":{"start":{"line":697,"column":8},"end":{"line":697,"column":73}},"221":{"start":{"line":698,"column":12},"end":{"line":709,"column":7}},"222":{"start":{"line":699,"column":8},"end":{"line":704,"column":9}},"223":{"start":{"line":700,"column":10},"end":{"line":700,"column":88}},"224":{"start":{"line":701,"column":10},"end":{"line":703,"column":13}},"225":{"start":{"line":702,"column":12},"end":{"line":702,"column":72}},"226":{"start":{"line":705,"column":8},"end":{"line":705,"column":79}},"227":{"start":{"line":707,"column":8},"end":{"line":707,"column":98}},"228":{"start":{"line":708,"column":8},"end":{"line":708,"column":15}},"229":{"start":{"line":719,"column":0},"end":{"line":733,"column":2}},"230":{"start":{"line":720,"column":2},"end":{"line":720,"column":21}},"231":{"start":{"line":722,"column":2},"end":{"line":727,"column":3}},"232":{"start":{"line":723,"column":4},"end":{"line":726,"column":5}},"233":{"start":{"line":724,"column":19},"end":{"line":724,"column":35}},"234":{"start":{"line":724,"column":36},"end":{"line":724,"column":42}},"235":{"start":{"line":725,"column":19},"end":{"line":725,"column":35}},"236":{"start":{"line":725,"column":36},"end":{"line":725,"column":42}},"237":{"start":{"line":729,"column":2},"end":{"line":732,"column":4}},"238":{"start":{"line":730,"column":4},"end":{"line":730,"column":68}},"239":{"start":{"line":730,"column":51},"end":{"line":730,"column":68}},"240":{"start":{"line":731,"column":4},"end":{"line":731,"column":51}},"241":{"start":{"line":745,"column":0},"end":{"line":763,"column":2}},"242":{"start":{"line":746,"column":2},"end":{"line":746,"column":19}},"243":{"start":{"line":747,"column":2},"end":{"line":747,"column":25}},"244":{"start":{"line":749,"column":2},"end":{"line":749,"column":19}},"245":{"start":{"line":750,"column":2},"end":{"line":758,"column":5}},"246":{"start":{"line":751,"column":4},"end":{"line":751,"column":26}},"247":{"start":{"line":752,"column":4},"end":{"line":757,"column":7}},"248":{"start":{"line":753,"column":6},"end":{"line":756,"column":40}},"249":{"start":{"line":760,"column":2},"end":{"line":762,"column":11}},"250":{"start":{"line":761,"column":4},"end":{"line":761,"column":66}},"251":{"start":{"line":768,"column":0},"end":{"line":770,"column":2}},"252":{"start":{"line":769,"column":2},"end":{"line":769,"column":70}},"253":{"start":{"line":804,"column":0},"end":{"line":816,"column":2}},"254":{"start":{"line":805,"column":2},"end":{"line":805,"column":19}},"255":{"start":{"line":807,"column":2},"end":{"line":815,"column":5}},"256":{"start":{"line":808,"column":4},"end":{"line":814,"column":5}}
[...]
     resource = url;","    }else{","      resource = url.split('/').slice(0,numPathComponents+1).join('/');","    }","","    if(!_actions){","      _actions = req.method.toLowerCase();","    }","","    acl.logger?acl.logger.debug('Requesting '+_actions+' on '+resource+' by user '+_userId):null;","","    acl.isAllowed(_userId, resource, _actions, function(err, allowed){","      if (err){","        next(new Error('Error checking permissions to access resource'));","      }else if(allowed === false){","        if (acl.logger) {","          acl.logger.debug('Not allowed '+_actions+' on '+resource+' by user '+_userId);","          acl.allowedPermissions(_userId, resource, function(err, obj){","            acl.logger.debug('Allowed permissions: '+util.inspect(obj));","          });","        }","        next(new HttpError(403,'Insufficient permissions to access resource'));","      }else{","        acl.logger?acl.logger.debug('Allowed '+_actions+' on '+resource+' by user '+_userId):null;","        next();","      }","    });","  };","};","","/**","  Error handler for the Express middleware","","  @param {String} [contentType] (html|json) defaults to plain text","*/","Acl.prototype.middleware.errorHandler = function(contentType){","  var method = 'end';","","  if(contentType){","    switch (contentType) {","      case 'json': method = 'json'; break;","      case 'html': method = 'send'; break;","    }","  }","","  return function(err, req, res, next){","    if(err.name !== 'HttpError' || !err.errorCode) return next(err);","    res.status(err.errorCode)[method](err.message);","  };","};","","","//-----------------------------------------------------------------------------","//","// Private methods","//","//-----------------------------------------------------------------------------","","//","// Same as allow but accepts a more compact input.","//","Acl.prototype._allowEx = function(objs){","  var _this = this;","  objs = makeArray(objs);","","  var demuxed = [];","  objs.forEach(function(obj){","    var roles = obj.roles;","    obj.allows.forEach(function(allow){","      demuxed.push({","        roles:roles,","        resources:allow.resources,","        permissions:allow.permissions});","    });","  });","","  return bluebird.reduce(demuxed, function(values, obj){","    return _this.allow(obj.roles, obj.resources, obj.permissions);","  }, null);","};","","//","// Returns the parents of the given roles","//","Acl.prototype._rolesParents = function(roles){","  return this.backend.unionAsync(this.options.buckets.parents, roles);","};","","//","// Return all roles in the hierarchy including the given roles.","//","/*","Acl.prototype._allRoles = function(roleNames, cb){","  var _this = this, roles;","","  _this._rolesParents(roleNames, function(err, parents){","    roles = _.union(roleNames, parents);","    async.whilst(","      function (){","        return parents.length >0;","      },","      function (cb) {","        _this._rolesParents(parents, function(err, result){","          if(!err){","            roles = _.union(roles, parents);","            parents = result;","          }","          cb(err);","        });","      },","      function(err){","        cb(err, roles);","      }","    );","  });","};","*/","//","// Return all roles in the hierarchy including the given roles.","//","Acl.prototype._allRoles = function(roleNames){","  var _this = this;","","  return this._rolesParents(roleNames).then(function(parents){","    if(parents.length > 0){","      return _this._allRoles(parents).then(function(parentRoles){","        return _.union(roleNames, parentRoles);","      });","    }else{","      return roleNames;","    }","  });","};","","//","// Return all roles in the hierarchy of the given user.","//","Acl.prototype._allUserRoles = function(userId) {","  var _this = this;","","  return this.userRoles(userId).then(function(roles) {","    if (roles && roles.length > 0) {","      return _this._allRoles(roles);","    } else {","      return [];","    }","  });","};","","//","// Returns an array with resources for the given roles.","//","Acl.prototype._rolesResources = function(roles){","  var _this = this;","  roles = makeArray(roles);","","  return this._allRoles(roles).then(function(allRoles){","    var result = [];","","    // check if bluebird.map simplifies this code","    return bluebird.all(allRoles.map(function(role){","      return _this.backend.getAsync(_this.options.buckets.resources, role).then(function(resources){","        result = result.concat(resources);","      });","    })).then(function(){","      return result;","    });","  });","};","","//","// Returns the permissions for the given resource and set of roles","//","Acl.prototype._resourcePermissions = function(roles, resource){","  var _this = this;","","  if(roles.length===0){","    return bluebird.resolve([]);","  }else{","    return this.backend.unionAsync(allowsBucket(resource), roles).then(function(resourcePermissions){","      return _this._rolesParents(roles).then(function(parents){","        if(parents && parents.length){","          return _this._resourcePermissions(parents, resource).then(function(morePermissions){","            return _.union(resourcePermissions, morePermissions);","          });","        }else{","          return resourcePermissions;","        }","      });","    });","  }","};","","//","// NOTE: This function will not handle circular dependencies and result in a crash.","//","Acl.prototype._checkPermissions = function(roles, resource, permissions){","  var _this = this;","","  return this.backend.unionAsync(allowsBucket(resource), roles).then(function(resourcePermissions){","    if (resourcePermissions.indexOf('*') !== -1){","      return true;","    }else{","      permissions = permissions.filter(function(p){","        return resourcePermissions.indexOf(p) === -1;","      });","","      if(permissions.length === 0){","        return true;","      }else{","        return _this.backend.unionAsync(_this.options.buckets.parents, roles).then(function(parents){","          if(parents && parents.length){","            return _this._checkPermissions(parents, resource, permissions);","          }else{","            return false;","          }","        });","      }","    }","  });","};","","//-----------------------------------------------------------------------------","//","// Helpers","//","//-----------------------------------------------------------------------------","","function makeArray(arr){","  return Array.isArray(arr) ? arr : [arr];","}","","function allowsBucket(role){","  return 'allows_'+role;","}","","function keyFromAllowsBucket(str) {","  return str.replace(/^allows_/, '');","}","","","// -----------------------------------------------------------------------------------","","","exports = module.exports = Acl;",""],"l":{"34":1,"39":1,"41":1,"42":0,"48":0,"59":0,"60":0,"61":0,"64":0,"65":0,"66":0,"67":0,"68":0,"69":0,"83":1,"84":0,"89":0,"90":0,"91":0,"93":0,"94":0,"96":0,"97":0,"101":0,"104":0,"117":1,"118":0,"123":0,"124":0,"126":0,"127":0,"129":0,"130":0,"134":0,"137":0,"149":1,"150":0,"161":1,"162":0,"175":1,"176":0,"177":0,"191":1,"192":0,"197":0,"198":0,"199":0,"200":0,"215":1,"216":0,"223":0,"224":0,"225":0,"228":0,"229":0,"230":0,"232":0,"234":0,"245":1,"246":0,"250":0,"252":0,"253":0,"255":0,"256":0,"257":0,"260":0,"261":0,"262":0,"263":0,"267":0,"280":1,"281":0,"286":0,"287":0,"288":0,"289":0,"290":0,"291":0,"293":0,"316":1,"317":0,"324":0,"325":0,"327":0,"329":0,"330":0,"332":0,"334":0,"336":0,"337":0,"338":0,"342":0,"343":0,"346":0,"351":1,"352":0,"359":0,"360":0,"361":0,"363":0,"364":0,"367":0,"381":1,"383":0,"385":0,"386":0,"387":0,"388":0,"389":0,"391":0,"392":0,"398":0,"399":0,"400":0,"401":0,"402":0,"403":0,"404":0,"408":0,"426":1,"427":0,"428":0,"430":0,"435":0,"436":0,"439":0,"440":0,"442":0,"443":0,"444":0,"445":0,"446":0,"449":0,"469":1,"470":0,"471":0,"474":0,"479":0,"480":0,"482":0,"483":0,"484":0,"485":0,"486":0,"487":0,"489":0,"492":0,"494":0,"495":0,"496":0,"499":0,"514":1,"515":0,"520":0,"522":0,"523":0,"524":0,"526":0,"541":1,"542":0,"547":0,"548":0,"550":0,"551":0,"553":0,"570":1,"571":0,"578":0,"579":0,"580":0,"581":0,"582":0,"583":0,"586":0,"589":1,"590":0,"591":0,"592":0,"593":0,"594":0,"595":0,"596":0,"597":0,"598":0,"601":0,"605":0,"636":1,"637":0,"644":0,"646":1,"647":0,"648":0,"649":0,"651":0,"652":0,"655":0,"656":0,"662":0,"663":0,"665":0,"666":0,"667":0,"668":0,"669":0,"671":0,"672":0,"677":0,"678":0,"679":0,"682":0,"683":0,"684":0,"686":0,"689":0,"690":0,"693":0,"695":0,"696":0,"697":0,"698":0,"699":0,"700":0,"701":0,"702":0,"705":0,"707":0,"708":0,"719":1,"720":0,"722":0,"723":0,"724":0,"725":0,"729":0,"730":0,"731":0,"745":1,"746":0,"747":0,"749":0,"750":0,"751":0,"752":0,"753":0,"760":0,"761":0,"768":1,"769":0,"804":1,"805":0,"807":0,"808":0,"809":0,"810":0,"813":0,"821":1,"822":0,"824":0,"825":0,"826":0,"828":0,"836":1,"837":0,"838":0,"840":0,"841":0,"844":0,"845":0,"846":0,"849":0,"857":1,"858":0,"860":0,"861":0,"863":0,"864":0,"865":0,"866":0,"867":0,"870":0,"880":1,"881":0,"883":0,"884":0,"885":0,"887":0,"888":0,"891":0,"892":0,"894":0,"895":0,"896":0,"898":0,"912":1,"913":0,"916":1,"917":0,"920":1,"921":0,"928":1}},"/home/travis/build/npmtest/node-npmtest-acl/acl/lib/contract.js":{"path":"/home/travis/build/npmtest/node-npmtest-acl/acl/lib/contract.js","s":{"1":1,"2":1,"3":1,"4":1,"5":0,"6":1,"7":1,"8":0,"9":0,"10":0,"11":0,"12":0,"13":0,"14":1,"15":0,"16":0,"17":0,"18":0,"19":0,"20":0,"21":1,"22":0,"23":0,"24":0,"25":1,"26":0,"27":1,"28":0,"29":0,"30":0,"31":0,"32":0,"33":0,"34":0,"35":0,"36":0,"37":0,"38":0,"39":0,"40":0,"41":0,"42":0,"43":0,"44":1,"45":0,"46":0,"47":0,"48":0,"49":0,"50":0,"51":0,"52":0,"53":0,"54":0,"55":1,"56":0,"57":0,"58":0,"59":0,"60":0,"61":0,"62":1},"b":{"1":[0,0],"2":[0,0],"3":[0,0],"4":[0,0],"5":[0,0],"6":[0,0],"7":[0,0],"8":[0,0],"9":[0,0]},"f":{"1":0,"2":0,"3":0,"4":0,"5":0,"6":0,"7":0,"8":0,"9":0,"10":0,"11":0},"fnMap":{"1":{"name":"(anonymous_1)","line":22,"loc":{"start":{"line":22,"column":14},"end":{"line":22,"column":24}}},"2":{"name":"(anonymous_2)","line":25,"loc":{"start":{"line":25,"column":11},"end":{"line":25,"column":21}}},"3":{"name":"(anonymous_3)","line":27,"loc":{"start":{"line":27,"column":15},"end":{"line":27,"column":29}}},"4":{"name":"(anonymous_4)","line":38,"loc":{"start":{"line":38,"column":18},"end":{"line":38,"column":28}}},"5":{"name":"(anonymous_5)","line":48,"loc":{"start":{"line":48,"column":15},"end":{"line":48,"column":25}}},"6":{"name":"(anonymous_6)","line":55,"loc":{"start":{"line":55,"column":13},"end":{"line":55,"column":26}}},"7":{"name":"(anonymous_7)","line":59,"loc":{"start":{"line":59,"column":18},"end":{"line":59,"column":42}}},"8":{"name":"(anonymous_8)","line":88,"loc":{"start":{"line":88,"column":23},"end":{"line":88,"column":52}}},"9":{"name":"(anonymous_9)","line":93,"loc":{"start":{"line":93,"column":15},"end":{"line":93,"column":35}}},"10":{"name":"(anonymous_10)","line":110,"loc":{"start":{"line":110,"column":19},"end":{"line":110,"column":33}}},"11":{"name":"(anonymous_11)","line":112,"loc":{"start":{"line":112,"column":15},"end":{"line":112,"column":33}}}},"statementMap":{"1":{"start":{"line":18,"column":0},"end":{"line":18,"column":14}},"2":{"start":{"line":19,"column":0},"end":{"line":19,"column":27}},"3":{"start":{"line":20,"column":0},"end":{"line":20,"column":26}},"4":{"start":{"line":22,"column":0},"end":{"line":24,"column":2}},"5":{"start":{"line":23,"column":2},"end":{"line":23,"column":14}},"6":{"start":{"line":25,"column":0},"end":{"line":25,"column":24}},"7":{"start":{"line":27,"column":0},"end":{"line":36,"column":2}},"8":{"start":{"line":28,"column":2},"end":{"line":35,"column":3}},"9":{"start":{"line":29,"column":4},"end":{"line":29,"column":31}},"10":{"start":{"line":30,"column":4},"end":{"line":30,"column":36}},"11":{"start":{"line":31,"column":4},"end":{"line":31,"column":32}},"12":{"start":{"line":32,"column":4},"end":{"line":32,"column":20}},"13":{"start":{"line":34,"column":4},"end":{"line":34,"column":16}},"14":{"start":{"line":38,"column":0},"end":{"line":47,"column":1}},"15":{"start":{"line":39,"column":2},"end":{"line":39,"column":13}},"16":{"start":{"line":40,"column":2},"end":{"line":40,"column":65}},"17":{"start":{"line":41,"column":2},"end":{"line":46,"column":3}},"18":{"start":{"line":42,"column":4},"end":{"line":42,"column":16}},"19":{"start":{"line":44,"column":4},"end":{"line":44,"column":39}},"20":{"start":{"line":45,"column":4},"end":{"line":45,"column":16}},"21":{"start":{"line":48,"column":0},"end":{"line":53,"column":1}},"22":{"start":{"line":49,"column":2},"end":{"line":52,"column":3}},"23":{"start":{"line":50,"column":4},"end":{"line":50,"column":52}},"24":{"start":{"line":51,"column":4},"end":{"line":51,"column":48}},"25":{"start":{"line":55,"column":0},"end":{"line":57,"column":2}},"26":{"start":{"line":56,"column":2},"end":{"line":56,"column":49}},"27":{"start":{"line":59,"column":0},"end":{"line":86,"column":2}},"28":{"start":{"line":60,"column":2},"end":{"line":60,"column":35}},"29":{"start":{"line":62,"column":2},"end":{"line":85,"column":3}},"30":{"start":{"line":63,"column":4},"end":{"line":63,"column":17}},"31":{"start":{"line":65,"column":4},"end":{"line":83,"column":5}},"32":{"start":{"line":66,"column":6},"end":{"line":70,"column":7}},"33":{"start":{"line":67,"column":8},"end":{"line":67,"column":39}},"34":{"start":{"line":69,"column":8},"end":{"line":69,"column":28}},"35":{"start":{"line":72,"column":6},"end":{"line":72,"column":29}},"36":{"start":{"line":73,"column":6},"end":{"line":73,"column":24}},"37":{"start":{"line":74,"column":6},"end":{"line":79,"column":7}},"38":{"start":{"line":75,"column":8},"end":{"line":78,"column":9}},"39":{"start":{"line":76,"column":10},"end":{"line":76,"column":27}},"40":{"start":{"line":77,"column":10},"end":{"line":77,"column":16}},"41":{"start":{"line":80,"column":6},"end":{"line":82,"column":7}},"42":{"start":{"line":81,"column":8},"end":{"line":81,"column":21}},"43":{"start":{"line":84,"column":4},"end":{"line":84,"column":16}},"44":{"start":{"line":88,"column":0},"end":{"line":108,"column":2}},"45":{"start":{"line":89,"column":2},"end":{"line":92,"column":8}},"46":{"start":{"line":93,"column":2},"end":{"line":99,"column":4}},"47":{"start":{"line":94,"column":4},"end":{"line":94,"column":25}},"48":{"start":{"line":95,"column":4},"end":{"line":97,"column":5}},"49":{"start":{"line":96,"column":6},"end":{"line":96,"column":17}},"50":{"start":{"line":98,"column":4},"end":{"line":98,"column":29}},"51":{"start":{"line":101,"column":2},"end":{"line":101,"column":26}},"52":{"start":{"line":103,"column":2},"end":{"line":105,"column":3}},"53":{"start":{"line":104,"column":4},"end":{"line":104,"column":55}},"54":{"start":{"line":107,"column":2},"end":{"line":107,"column":19}},"55":{"start":{"line":110,"column":0},"end":{"line":119,"column":1}},"56":{"start":{"line":111,"column":2},"end":{"line":111,"column":15}},"57":{"start":{"line":112,"column":2},"end":{"line":117,"column":4}},"58":{"start":{"line":113,"column":4},"end":{"line":115,"column":5}},"59":{"start":{"line":114,"column":6},"end":{"line":114,"column":18}},"60":{"start":{"line":116,"column":4},"end":{"line":116,"column":15}},"61":{"start":{"line":118,"column":2},"end":{"line":118,"column":13}},"62":{"start":{"line":121,"column":0},"end":{"line":121,"column":36}}},"branchMap":{"1":{"line":28,"type":"if","locations":[{"start":{"line":28,"column":2},"end":{"line":28,"column":2}},{"start":{"line":28,"column":2},"end":{"line":28,"column":2}}]},"2":{"line":41,"type":"if","locations":[{"start":{"line":41,"column":2},"end":{"line":41,"column":2}},{"start":{"line":41,"column":2},"end":{"line":41,"column":2}}]},"3":{"line":49,"type":"if","locations":[{"start":{"line":49,"column":2},"end":{"line":49,"column":2}},{"start":{"line":49,"column":2},"end":{"line":49,"column":2}}]},"4":{"line":56,"type":"cond-expr","locations":[{"start":{"line":56,"column":30},"end":{"line":56,"column":37}},{"start":{"line":56,"column":38},"end":{"line":56,"column":48}}]},"5":{"line":62,"type":"if","locations":[{"start":{"line":62,"column":2},"end":{"line":62,"column":2}},{"start":{"line":62,"column":2},"end":{"line":62,"column":2}}]},"6":{"line":75,"type":"if","locations":[{"start":{"line":75,"column":8},"end":{"line":75,"column":8}},{"start":{"line":75,"column":8},"end":{"line":75,"column":8}}]},"7":{"line":80,"type":"if","locations":[{"start":{"line":80,"column":6},"end":{"line":80,"column":6}},{"start":{"line":80,"column":6},"end":{"line":80,"column":6}}]},"8":{"line":95,"type":"if","locations":[{"start":{"line":95,"column":4},"end":{"line":95,"column":4}},{"start":{"line":95,"column":4},"end":{"line":95,"column":4}}]},"9":{"line":113,"type":"if","locations":[{"start":{"line":113,"column":4},"end":{"line":113,"column":4}},{"start":{"line":113,"column":4},"end":{"line":113,"column":4}}]}},"code":["/**","  Design by Contract module (c) OptimalBits 2011.","","  Roadmap:","    - Optional parameters. ['(string)', 'array']","    - Variable number of parameters.['number','...']","","  api?:","  ","  contract(arguments)","    .params('string', 'array', '...')","    .params('number')","    .end()","  ","*/","\"use strict\";","","var noop = {};","var util = require('util');","var _ = require('lodash');","","noop.params = function(){","  return this;","};","noop.end = function(){};","","var contract = function(args){","  if(contract.debug===true){","    contract.fulfilled = false;","    contract.args = _.toArray(args);","    contract.checkedParams = [];","    return contract;","  }else{","    return noop;","  }","};","","contract.params = function(){","  var i, len;","  this.fulfilled |= checkParams(this.args, _.toArray(arguments));","  if(this.fulfilled){","    return noop;","  }else{","    this.checkedParams.push(arguments);","    return this;","  }","}","contract.end = function(){","  if(!this.fulfilled){","    printParamsError(this.args, this.checkedParams);","    throw new Error('Broke parameter contract');","  }","}","","var typeOf = function(obj){","  return Array.isArray(obj) ? 'array':typeof obj;","};","","var checkParams = function(args, contract){","  var fulfilled, types, type, i, j;","  ","  if(args.length !== contract.length){","    return false;","  }else{","    for(i=0; i<args.length; i++){","      try{","        types = contract[i].split('|');","      }catch(e){","        console.log(e, args)","      }","      ","      type = typeOf(args[i]);","      fulfilled = false;","      for(j=0; j<types.length; j++){","        if (type === types[j]){","          fulfilled = true;","          break;","        }","      }","      if(fulfilled===false){","        return false;","      }","    }","    return true;","  }","};","","var printParamsError = function(args, checkedParams){","  var msg = 'Parameter mismatch.\\nInput:\\n( ',","      type,","      input,","      i;","  _.each(args, function(input, key){","    type = typeOf(input);","    if(key != 0){","      msg += ', '","    }","    msg += input + ': '+type;","  })","","  msg += ')\\nAccepted:\\n';","  ","  for (i=0; i<checkedParams.length;i++){","    msg += '('+ argsToString(checkedParams[i]) + ')\\n';","  }","","  console.log(msg);","};","","var argsToString = function(args){","  var res = \"\";","  _.each(args, function(arg, key){","    if(key != 0){","      res += ', ';","    }","    res += arg;","  })","  return res;","}","","exports = module.exports = contract;","",""],"l":{"18":1,"19":1,"20":1,"22":1,"23":0,"25":1,"27":1,"28":0,"29":0,"30":0,"31":0,"32":0,"34":0,"38":1,"39":0,"40":0,"41":0,"42":0,"44":0,"45":0,"48":1,"49":0,"50":0,"51":0,"55":1,"56":0,"59":1,"60":0,"62":0,"63":0,"65":0,"66":0,"67":0,"69":0,"72":0,"73":0,"74":0,"75":0,"76":0,"77":0,"80":0,"81":0,"84":0,"88":1,"89":0,"93":0,"94":0,"95":0,"96":0,"98":0,"101":0,"103":0,"104":0,"107":0,"110":1,"111":0,"112":0,"113":0,"114":0,"116":0,"118":0,"121":1}}}